[100:msgstr] <簡化通孔輪廓> -> <簡化通孔設定檔>
[213:msgstr] <將當前視圖匯出為 PNG...> -> <將當前視野匯出為 PNG...>
[217:msgstr] <將當前視圖匯出為 JPEG...> -> <將當前視野匯出為 JPEG...>
[229:msgstr] <複製 3D 圖像> -> <複製 3D 影像>
[271:msgstr] <視圖 (&V)> -> <視野 (&V)>
[286:msgstr] <複製 3D 圖像到剪貼板> -> <複製 3D 影像到剪輯板>
[290:msgstr] <使用光線追蹤渲染當前視圖> -> <使用光線追蹤渲染當前視野>
[325:msgstr] <3D 圖像檔案名稱> -> <3D 影像檔案名稱>
[363:msgstr] <無法將圖像複製到剪貼板> -> <無法將影像複製到剪輯板>
[419:msgstr] <主視圖> -> <主視野>
[423:msgstr] <在原點重新繪製並縮放> -> <在原點重新轉列聯合縮放>
[431:msgstr] <翻轉電路板視圖> -> <翻轉電路板視野>
[444:msgstr] <正視圖> -> <正視野>
[448:msgstr] <後視圖> -> <後視野>
[452:msgstr] <左視圖> -> <左視野>
[456:msgstr] <右視圖> -> <右視野>
[460:msgstr] <頂視圖> -> <頂視野>
[464:msgstr] <底視圖> -> <底視野>
[508:msgstr] <使用基於材料的漫反射顏色的 CAD 顏色樣式> -> <使用基於材料的漫反射顏色的 CAD 顏色式樣>
[552:msgstr] <顯示模型邊框> -> <顯示模型邊界>
[556:msgstr] <在實時渲染器中顯示 3D 模型邊框> -> <在實時渲染器中顯示 3D 模型邊界>
[698:msgstr] <模型邊框> -> <模型邊界>
[727:msgstr] <封裝文本> -> <封裝正文>
[732:msgstr] <顯示所有封裝文本> -> <顯示所有封裝正文>
[748:msgstr] <背景起始色> -> <後台起始色>
[752:msgstr] <背景漸變起始顏色> -> <後台漸變起始顏色>
[756:msgstr] <背景終止色> -> <後台終止色>
[760:msgstr] <背景漸變終止顏色> -> <後台漸變終止顏色>
[970:msgstr] <真實渲染模式> -> <真實渲染簡圖>
[1018:msgstr] <顯示模型邊框> -> <顯示模型邊界>
[1050:msgstr] <必須關閉並重新打開 3D 查看器才能應用此設置> -> <必須關閉聯合重新打開 3D 查看器才能應用此設置>
[1066:msgstr] <禁用厚度繪製> -> <禁用厚度轉列>
[1070:msgstr] <禁用貫孔繪製> -> <禁用貫孔轉列>
[1074:msgstr] <禁用通孔繪製> -> <禁用通孔轉列>
[1078:msgstr] <使用過程紋理 (慢)> -> <使用處理紋理 (慢)>
[1095:msgstr] <採樣數量> -> <取樣數量>
[1103:msgstr] <遞歸層級> -> <遞迴層級>
[1202:msgstr] <3D 預覽設置> -> <3D 預視設置>
[1280:msgstr] <偏移> -> <偏差>
[1291:msgstr] <預覽> -> <預視>
[1310:msgstr] <圖片轉換器> -> <圖片變流器>
[1315:msgstr] <KiCad 圖片轉換器> -> <KiCad 圖片變流器>
[1535:msgstr] <無法匯出到剪貼板> -> <無法匯出到剪輯板>
[1539:msgstr] <為 potrace 位圖分配記憶體時出錯> -> <為 potrace 位元映射分配記憶體時出錯>
[1565:msgstr] <圖像資訊> -> <影像資訊>
[1569:msgstr] <圖像尺寸:> -> <影像尺寸:>
[1587:msgstr] <圖像分辨率:> -> <影像解析度:>
[1604:msgstr] <載入來源圖像> -> <載入來源影像>
[1721:msgstr] <匯出到剪貼板> -> <匯出到剪輯板>
[1729:msgstr] <後臺任務> -> <後台任務>
[1735:msgstr] <環境變量展開失敗: '%3$s' 中第 %2$u 處缺少 '%1$c'。> -> <環境變數展開失敗: '%3$s' 中第 %2$u 處缺少 '%1$c'。>
[1754:msgstr] <KiCad 及其依賴不支持此操作系統。> -> <KiCad 及其依賴不支持此作業集（合）統。>
[1758:msgstr] <不支持的操作系統> -> <不支持的作業集（合）統>
[1764:msgstr] <無法將這個系統上任何 KiCad 的問題報告至官方 bugtracker。> -> <無法將這個集（合）統上任何 KiCad 的問題報表至官方 bugtracker。>
[1879:msgstr] <確認> -> <應答>
[1925:msgstr] <KiCad EDA 套件是一套用於設計電路原理圖和印刷電路板的開源應用程序。> -> <KiCad EDA 套件是一套用於設計電路原理圖和印刷電路板的開源應用程式。>
[1929:msgstr] <KiCad 相關站點> -> <KiCad 相關現場;地點>
[1937:msgstr] <開發者網站 - > -> <顯影器網站 - >
[1949:msgstr] <報告或檢查 Bug - > -> <報表或檢查 Bug - >
[1981:msgstr] <文件團隊> -> <檔案團隊>
[2016:msgstr] <軟體包開發者> -> <軟體包顯影器>
[2040:msgstr] <文件> -> <檔案>
[2064:msgstr] <無法打開剪貼板寫入版本資訊。> -> <無法打開剪輯板寫入版本資訊。>
[2068:msgstr] <剪貼板錯誤> -> <剪輯板錯誤>
[2096:msgstr] <複製 KiCad 版本資訊到剪貼板> -> <複製 KiCad 版本資訊到剪輯板>
[2100:msgstr] <報告 Bug (&R)> -> <報表 Bug (&R)>
[2104:msgstr] <報告 KiCad 的問題> -> <報表 KiCad 的問題>
[2148:msgstr] <報告> -> <報表>
[2198:msgstr] <色調:> -> <音調:>
[2225:msgstr] <預覽 (舊/新):> -> <預視 (舊/新):>
[2234:msgstr] <環境變量名稱不能為空。> -> <環境變數名稱不能為空。>
[2239:msgstr] <環境變量路徑不能為空。> -> <環境變數路徑不能為空。>
[2243:msgstr] <3D 搜索路徑別名不能為空。> -> <3D 搜尋路徑別名不能為空。>
[2247:msgstr] <3D 搜索路徑不能為空。> -> <3D 搜尋路徑不能為空。>
[2296:msgstr] <環境變量> -> <環境變數>
[2569:msgstr] <已鏈接> -> <已鍊接>
[2577:msgstr] <快捷鍵列表> -> <捷徑鍵列表>
[2616:msgstr] <從選擇中移除鎖定的項目, 並只對未鎖定項目(如果有的話)進行操作。> -> <從選擇中移除鎖定的項目, 聯合只對未鎖定項目(如果有的話)進行作業。>
[2770:msgstr] <預覽設置> -> <預視設置>
[2774:msgstr] <預覽圖紙> -> <預視野紙>
[2778:msgstr] <預覽標題塊數據> -> <預視標題塊資料>
[2817:msgstr] <虛擬文本> -> <虛擬正文>
[2978:msgstr] <自動查找重複位號併為其分配新的可用位號。> -> <自動尋找重複位號併為其分配新的可用位號。>
[2983:msgstr] <用 '%s' 替換位號。> -> <用 '%s' 更換位號。>
[3028:msgstr] <插件選項> -> <插入選項>
[3074:msgstr] <當前插件支持的選項> -> <當前插入支持的選項>
[3092:msgstr] <打印預覽> -> <打印預視>
[3163:msgstr] <初始化打印機資訊時出錯。> -> <初始化列印機資訊時出錯。>
[3171:msgstr] <輸出模式:> -> <輸出簡圖:>
[3229:msgstr] <消息文本> -> <消息正文>
[3256:msgstr] <移動光標到指定位置> -> <移動游標到指定位置>
[3322:msgstr] <預設視圖切換器> -> <預設視野切換器>
[3362:msgstr] <密碼> -> <凱撒加密法>
[3415:msgstr] <請輸入 SSH 密鑰的密碼> -> <請輸入 SSH 鍵的凱撒加密法>
[3433:msgstr] <無法打開私鑰 '%s'> -> <無法打開私密金鑰 '%s'>
[3437:msgstr] <無效的 SSH 密鑰> -> <無效的 SSH 鍵>
[3441:msgstr] <所選檔案不是有效的 SSH 私鑰> -> <所選檔案不是有效的 SSH 私密金鑰>
[3446:msgstr] <無法打開公鑰 '%s'> -> <無法打開公用鍵 '%s'>
[3464:msgstr] <SSH 密鑰密碼> -> <SSH 鍵凱撒加密法>
[3468:msgstr] <地址> -> <位址>
[3485:msgstr] <SSH 私鑰> -> <SSH 私密金鑰>
[3489:msgstr] <選擇SSH私鑰檔案> -> <選擇SSH私密金鑰檔案>
[3536:msgstr] <Git 提交數據> -> <Git 提交資料>
[3576:msgstr] <在搜索器中顯示主題> -> <在搜尋器中顯示主題>
[3668:msgstr] <選擇首選 PDF 閱讀器> -> <選擇首選 PDF 閱讀機>
[3703:msgstr] <文本編輯器:> -> <正文編輯器:>
[3707:msgstr] <系統默認 PDF 閱讀器> -> <集（合）統默認 PDF 閱讀機>
[3715:msgstr] <用戶界面> -> <使用者介面>
[3723:msgstr] <在編輯器中顯示滾動條> -> <在編輯器中顯示捲棒>
[3742:msgstr] <使用快捷鍵切換設置時顯示彈窗> -> <使用捷徑鍵切換設置時顯示彈窗>
[3748:msgstr] <啟用後, 連續按下某些快捷鍵將彈出一個窗口, 並簡要顯示設置變更。> -> <啟用後, 連續按下某些捷徑鍵將彈出一個視窗, 聯合簡要顯示設置變更。>
[3768:msgstr] <使用專為淺色窗口背景設計的圖標> -> <使用專為淺色視窗後台設計的圖標>
[3777:msgstr] <使用專為深色窗口背景設計的圖標> -> <使用專為深色視窗後台設計的圖標>
[3791:msgstr] <根據系統配色主題自動選擇淺色或深色圖標> -> <根據集（合）統配色主題自動選擇淺色或深色圖標>
[3837:msgstr] <將圖標縮放設置應用到字體> -> <將圖標縮放設置應用到字組體>
[3841:msgstr] <(這個解決方案將改善一些 GTK HiDPI 字體縮放問題。)> -> <(這個解決方案將改善一些 GTK HiDPI 字組體縮放問題。)>
[3845:msgstr] <高對比度模式的調光係數:> -> <高對比度簡圖的調光係數:>
[3884:msgstr] <首次按下快捷鍵僅選擇對應工具> -> <首次按下捷徑鍵僅選擇對應工具>
[4041:msgstr] <我同意提供匿名報告> -> <我同意提供匿名報表>
[4086:msgstr] <(快捷鍵)> -> <(捷徑鍵)>
[4118:msgstr] <文本:> -> <正文:>
[4126:msgstr] <輸入篩選文本 (操作或快捷鍵名稱)> -> <輸入篩選正文 (作業或捷徑鍵名稱)>
[4134:msgstr] <撤銷到目前為止在此對話框中所作的所有修改> -> <撤銷到目前為止在此DIALOG集（合）統、對話、交談框中所作的所有修改>
[4138:msgstr] <匯入快捷鍵...> -> <匯入捷徑鍵...>
[4143:msgstr] <從外部檔案匯入快捷鍵定義, 替換當前值> -> <從外部檔案匯入捷徑鍵定義, 更換當前值>
[4147:msgstr] <匯入快捷鍵檔案:> -> <匯入捷徑鍵檔案:>
[4151:msgstr] <| 操作 | 默認快捷鍵 | 描述> -> <| 作業 | 默認捷徑鍵 | 描述>
[4161:msgstr] <此比例會導致圖像過小 (%.2f mm 或 %.1f mil)。> -> <此比例會導致影像過小 (%.2f mm 或 %.1f mil)。>
[4168:msgstr] <此比例會導致圖像非常大(%.1f mm 或 %.2f in)。確定?> -> <此比例會導致影像非常大(%.1f mm 或 %.2f in)。確定?>
[4190:msgstr] <每個垂直滾動設置只能分配一個操作> -> <每個垂直捲動設置只能分配一個作業>
[4194:msgstr] <平移和縮放> -> <位移和縮放>
[4198:msgstr] <縮放時居中光標> -> <縮放時居中游標>
[4202:msgstr] <縮放時將光標移至屏幕中心。> -> <縮放時將游標移至屏幕中心。>
[4206:msgstr] <移動對象時自動平移畫布> -> <移動對象時自動位移畫布>
[4212:msgstr] <當繪製走線或移動項目, 光標接近顯示器邊緣時, 自動平移畫布。> -> <當轉列走線或移動項目, 游標接近顯示裝置邊緣時, 自動位移畫布。>
[4220:msgstr] <滾動速度越快, 縮放速度也越快> -> <捲動速度越快, 縮放速度也越快>
[4236:msgstr] <自動平移速度:> -> <自動位移速度:>
[4240:msgstr] <將對象移出屏幕邊緣時的平移速度> -> <將對象移出屏幕邊緣時的位移速度>
[4252:msgstr] <繪製矩形選框> -> <轉列矩形選框>
[4256:msgstr] <如果已選中對象則拖動選中的對象, 否則繪製矩形選框> -> <如果已選中對象則拖動選中的對象, 否則轉列矩形選框>
[4269:msgstr] <平移> -> <位移>
[4314:msgstr] <滾動手勢> -> <捲動手勢>
[4319:msgstr] <觸控板滾動手勢或鼠標滾輪動作:> -> <觸控板捲動手勢或鼠標滾輪動作:>
[4352:msgstr] <上/下平移:> -> <上/下位移:>
[4356:msgstr] <左/右平移:> -> <左/右位移:>
[4364:msgstr] <使用觸摸板滾動手勢左/右平移畫布> -> <使用觸摸板捲動手勢左/右位移畫布>
[4369:msgstr] <在觸摸板上使用左/右滾動手勢時, 將畫布左/右平移> -> <在觸摸板上使用左/右捲動手勢時, 將畫布左/右位移>
[4379:msgstr] <重置觸控板滾動手勢為默認值> -> <重置觸控板捲動手勢為默認值>
[4408:msgstr] <擴展內容管理器> -> <延伸內容管理器>
[4412:msgstr] <啟動時檢查 擴展內容包 是否可更新> -> <啟動時檢查 延伸內容包 是否可更新>
[4416:msgstr] <處理擴展內容包庫> -> <處理延伸內容包庫>
[4441:msgstr] <未啟用 KiCad API; 外部 Python 插件不可用> -> <未啟用 KiCad API; 外部 Python 插入不可用>
[4447:msgstr] <未選擇有效的 Python 解釋器; 外部 Python 插件不可用> -> <未選擇有效的 Python 解譯器; 外部 Python 插入不可用>
[4456:msgstr] <不是有效的 Python 3 解釋器> -> <不是有效的 Python 3 解譯器>
[4477:msgstr] <啟用 KiCad API。 這將允許系統中運行的第三方軟體訪問 KiCad。> -> <啟用 KiCad API。 這將允許集（合）統中運行的第三方軟體存取 KiCad。>
[4481:msgstr] <Python 解釋器> -> <Python 解譯器>
[4485:msgstr] <Python 解釋器路徑:> -> <Python 解譯器路徑:>
[4489:msgstr] <選擇 Python 解釋器的路徑> -> <選擇 Python 解譯器的路徑>
[4502:msgstr] <未選擇 Python 解釋器; 外部 Python 插件不可用> -> <未選擇 Python 解譯器; 外部 Python 插入不可用>
[4506:msgstr] <Python 解釋器狀態> -> <Python 解譯器狀態>
[4612:msgstr] <總線線寬> -> <匯流排線寬>
[4620:msgstr] <連線樣式> -> <連線式樣>
[4687:msgstr] <總線線寬> -> <匯流排線寬>
[4770:msgstr] <變量名不能為空。> -> <變數名不能為空。>
[4774:msgstr] <變量名> -> <變數名>
[4778:msgstr] <文本替換> -> <正文更換>
[4796:msgstr] <圖像數據讀取失敗。> -> <影像資料讀取失敗。>
[4839:msgstr] <文本> -> <正文>
[4917:msgstr] <文本 '%s'> -> <正文 '%s'>
[4937:msgstr] <剪貼板> -> <剪輯板>
[4967:msgstr] <'%s' 需要一個數字> -> <'%s' 需要一個數字組>
[4971:msgstr] <無結尾的分隔字符串> -> <無結尾的分隔字組字組列>
[4975:msgstr] <字符串分割符號必須為 ' , \" , $ 之一的單字符> -> <字組字組列分割符號必須為 ' , \" , $ 之一的單字組符>
[5037:msgstr] <快捷鍵> -> <捷徑鍵>
[5045:msgstr] <數據收集> -> <資料收集>
[5124:msgstr] <插件選項> -> <插入選項>
[5154:msgstr] <擴展和更新> -> <延伸和更新>
[5158:msgstr] <插件> -> <插入>
[5192:msgstr] <文件檔案> -> <檔案檔案>
[5197:msgstr] <找不到文件檔案 '%s'。> -> <找不到檔案檔案 '%s'。>
[5202:msgstr] <文件檔案 '%s' 的 MIME 類型未知> -> <檔案檔案 '%s' 的 MIME 類型未知>
[5223:msgstr] <將繪製操作約束為水平方向, 垂直方向或斜 45 度方向> -> <將轉列作業約束為水平方向, 垂直方向或斜 45 度方向>
[5284:msgstr] <搜索> -> <搜尋>
[5324:msgstr] <參考圖像> -> <參考影像>
[5328:msgstr] <生成器> -> <產生器>
[5334:msgstr] <文本框> -> <正文框>
[5345:msgstr] <單元格> -> <單位格>
[5399:msgstr] <無連接標誌> -> <無連接標籤>
[5407:msgstr] <總線入口> -> <匯流排入口>
[5411:msgstr] <位圖> -> <位元映射>
[5466:msgstr] <Gerber 佈局> -> <Gerber 布局>
[5470:msgstr] <繪製項目> -> <轉列項目>
[5779:msgstr] <文本屬性> -> <正文屬性>
[5793:msgstr] <字體> -> <字組體>
[5835:msgstr] <水平對齊> -> <水平調正>
[5842:msgstr] <垂直對齊> -> <垂直調正>
[5851:msgstr] <超鏈接> -> <超鍊接>
[5873:msgstr] <KiCad 自帶的封裝庫(.pretty 資料夾) 的存儲路徑。> -> <KiCad 自帶的封裝庫(.pretty 資料夾) 的儲存路徑。>
[5877:msgstr] <KiCad 自帶的 3D 模型庫 (.3Dshapes 資料夾) 的存儲路徑。> -> <KiCad 自帶的 3D 模型庫 (.3Dshapes 資料夾) 的儲存路徑。>
[5881:msgstr] <KiCad 自帶的原理圖符號庫的存儲路徑。> -> <KiCad 自帶的原理圖示號庫的儲存路徑。>
[5897:msgstr] <擴展內容管理器所下載的第三方插件、庫以及其他內容的存儲目錄。> -> <延伸內容管理器所下載的第三方插入、庫以及其他內容的儲存目錄。>
[6009:msgstr] <默認字體> -> <默認字組體>
[6014:msgstr] <載入字體 '%s' 時出錯。> -> <載入字組體 '%s' 時出錯。>
[6019:msgstr] <找不到字體 '%s'; 用 '%s' 代替。> -> <找不到字組體 '%s'; 用 '%s' 代替。>
[6041:msgstr] <由擴展內容管理器添加> -> <由延伸內容管理器添加>
[6056:msgstr] <無法為檔案 '%s' 找到可用的 PDF 閱讀器。> -> <無法為檔案 '%s' 找到可用的 PDF 閱讀機。>
[6061:msgstr] <運行 PDF 閱讀器 '%s' 時出現問題。> -> <運行 PDF 閱讀機 '%s' 時出現問題。>
[6112:msgstr] <無法從遠程 '%s' 提取數據> -> <無法從遠程 '%s' 提取資料>
[6157:msgstr] <無法獲取衝突迭代器> -> <無法獲取衝突疊代器>
[6197:msgstr] <正在寫入對象: %d%% (%d/%d), %d 字節> -> <正在寫入對象: %d%% (%d/%d), %d 位元組>
[6247:msgstr] <簽出過程中未找到檔案。> -> <簽出處理中未找到檔案。>
[6305:msgstr] <剪切所選單元格內容到剪貼板> -> <剪切所菜單位格內容到剪輯板>
[6314:msgstr] <複製所選單元格內容到剪貼板> -> <複製所菜單位格內容到剪輯板>
[6325:msgstr] <粘貼剪貼板內容到當前單元格> -> <粘貼剪輯板內容到當前單位格>
[6337:msgstr] <清除所選單元格的內容> -> <清除所菜單位格的內容>
[6352:msgstr] <選擇所有單元格> -> <選擇所有單位格>
[6368:msgstr] <向左/右平移> -> <向左/右位移>
[6372:msgstr] <向上/下平移> -> <向上/下位移>
[6411:msgstr] <快捷操作> -> <快捷作業>
[6415:msgstr] <KiCad 收到了一個空響應!> -> <KiCad 收到了一個空回應!>
[6431:msgstr] <API 響應: %s> -> <API 回應: %s>
[6436:msgstr] <API 響應錯誤代碼: %s> -> <API 回應錯誤代碼: %s>
[6445:msgstr] <遇到無效樣條曲線定義> -> <遇到無效雲規曲線定義>
[6459:msgstr] <目前不支持 DXF 弧形對齊文本。> -> <目前不支持 DXF 弧形調正正文。>
[6490:msgstr] <目前不支持 DXF 中的圖像。> -> <目前不支持 DXF 中的影像。>
[6509:msgstr] <屬性列表末尾缺少空字節。匯入的數據可能格式不正確或內容遺失。> -> <屬性列表末尾缺少空位元組。匯入的資料可能格式不正確或內容遺失。>
[6582:msgstr] <解析 '%s' 中的數字失敗> -> <解析 '%s' 中的數字組失敗>
[6618:msgstr] <無法驗證 kiface 庫 '%s' 簽名。> -> <無法驗證 kiface 庫 '%s' 簽章。>
[6659:msgstr] <總線> -> <匯流排>
[6663:msgstr] <總線結點> -> <匯流排結點>
[6720:msgstr] <符號主體輪廓> -> <符號主體設定檔>
[6729:msgstr] <原理圖文本和圖形> -> <原理圖正文和圖形>
[6733:msgstr] <符號私有文本 && 圖形> -> <符號私有正文 && 圖形>
[6737:msgstr] <原理圖文本和圖形背景> -> <原理圖正文和圖形後台>
[6746:msgstr] <圖紙邊框> -> <圖紙邊界>
[6750:msgstr] <圖紙背景> -> <圖紙後台>
[6815:msgstr] <背景> -> <後台>
[6822:msgstr] <光標> -> <游標>
[6873:msgstr] <封裝文本> -> <封裝正文>
[6877:msgstr] <隱藏文本> -> <隱藏正文>
[6970:msgstr] <庫名稱中包含非法字符> -> <庫名稱中包含非法字組符>
[7019:msgstr] <無法識別的字符 '%c'> -> <無法識別的字組符 '%c'>
[7087:msgstr] <找不到默認的文本編輯器, 必須選擇一個。> -> <找不到默認的正文編輯器, 必須選擇一個。>
[7115:msgstr] <匿名數據收集> -> <匿名資料收集>
[7119:msgstr] <環境變量 HOME 為空。無法繼續。> -> <環境變數 HOME 為空。無法繼續。>
[7123:msgstr] <操作系統不支持此語言。> -> <作業集（合）統不支持此語言。>
[7372:msgstr] <保存副本...> -> <保存複製...>
[7376:msgstr] <保存當前檔案保存一份副本到其他位置> -> <保存當前檔案保存一份複製到其他位置>
[7404:msgstr] <繪製...> -> <轉列...>
[7420:msgstr] <完成當前工具操作> -> <完成當前工具作業>
[7428:msgstr] <執行鼠標右鍵操作> -> <執行鼠標右鍵作業>
[7440:msgstr] <剪切所選項目到剪貼板> -> <剪切所選項目到剪輯板>
[7444:msgstr] <複製所選項目到剪貼板> -> <複製所選項目到剪輯板>
[7448:msgstr] <從剪貼板粘貼項目> -> <從剪輯板粘貼項目>
[7473:msgstr] <創建副本> -> <創建複製>
[7477:msgstr] <創建所選項的副本> -> <創建所選項的複製>
[7494:msgstr] <向左對齊> -> <向左調正>
[7498:msgstr] <向左對齊欄位和文本項目> -> <向左調正欄位和正文項目>
[7503:msgstr] <居中對齊> -> <居中調正>
[7507:msgstr] <居中對齊欄位和文本項目> -> <居中調正欄位和正文項目>
[7512:msgstr] <向右對齊> -> <向右調正>
[7516:msgstr] <向右對齊欄位和文本項目> -> <向右調正欄位和正文項目>
[7532:msgstr] <選擇包含當前選定單元格的完整列> -> <選擇包含當前選定單位格的完整列>
[7540:msgstr] <選擇包含當前選定單元格的完整行> -> <選擇包含當前選定單位格的完整行>
[7548:msgstr] <選擇所選單元格的父表> -> <選擇所菜單位格的父表>
[7556:msgstr] <在所選單元格上方插入新的表格行> -> <在所菜單位格上方插入新的表格行>
[7564:msgstr] <在所選單元格後插入新的表格行> -> <在所菜單位格後插入新的表格行>
[7572:msgstr] <在所選單元格前插入新的表格列> -> <在所菜單位格前插入新的表格列>
[7580:msgstr] <在所選單元格後插入新的表格列> -> <在所菜單位格後插入新的表格列>
[7588:msgstr] <刪除包含當前選定單元格的行> -> <刪除包含當前選定單位格的行>
[7596:msgstr] <刪除包含當前選定單元格的列> -> <刪除包含當前選定單位格的列>
[7600:msgstr] <合併單元格> -> <合併單位格>
[7604:msgstr] <將所選單元格合併為一個單元格> -> <將所菜單位格合併為一個單位格>
[7608:msgstr] <分解單元格> -> <分解單位格>
[7612:msgstr] <將合併的表單元格分解回獨立單元格。> -> <將合併的表單位格分解回獨立單位格。>
[7621:msgstr] <弧線編輯模式> -> <弧線編輯簡圖>
[7629:msgstr] <顯示搜索面板> -> <顯示搜尋面板>
[7633:msgstr] <顯示/隱藏搜索面板> -> <顯示/隱藏搜尋面板>
[7640:msgstr] <查找> -> <尋找>
[7644:msgstr] <查找文本> -> <尋找正文>
[7648:msgstr] <查找和替換> -> <尋找和更換>
[7652:msgstr] <查找和替換文本> -> <尋找和更換正文>
[7656:msgstr] <查找下一項> -> <尋找下一項>
[7660:msgstr] <查找下一個匹配項> -> <尋找下一個匹配項>
[7664:msgstr] <查找預覽> -> <尋找預視>
[7668:msgstr] <查找上一個匹配項> -> <尋找上一個匹配項>
[7672:msgstr] <查找下一項標記> -> <尋找下一項標記>
[7676:msgstr] <替換並查找下一項> -> <更換聯合尋找下一項>
[7680:msgstr] <替換當前匹配項並查找下一個> -> <更換當前匹配項聯合尋找下一個>
[7685:msgstr] <全部替換> -> <全部更換>
[7689:msgstr] <替換所有匹配項> -> <更換所有匹配項>
[7697:msgstr] <轉到檢查器窗口的上一個標記> -> <轉到檢查器視窗的上一個標記>
[7705:msgstr] <轉到檢查器窗口的下一個標記> -> <轉到檢查器視窗的下一個標記>
[7713:msgstr] <在檢查器窗口中將當前違規標記為排除項> -> <在檢查器視窗中將當前違規標記為排除項>
[7718:msgstr] <刷新> -> <再新>
[7730:msgstr] <以光標為中心放大> -> <以游標為中心放大>
[7734:msgstr] <以光標為中心縮小> -> <以游標為中心縮小>
[7764:msgstr] <以光標為中心> -> <以游標為中心>
[7788:msgstr] <光標上移> -> <游標上移>
[7792:msgstr] <光標下移> -> <游標下移>
[7796:msgstr] <光標左移> -> <游標左移>
[7800:msgstr] <光標右移> -> <游標右移>
[7804:msgstr] <快速上移光標> -> <快速上移游標>
[7808:msgstr] <快速下移光標> -> <快速下移游標>
[7812:msgstr] <快速左移光標> -> <快速左移游標>
[7816:msgstr] <快速右移光標> -> <快速右移游標>
[7853:msgstr] <向上平移> -> <向上位移>
[7857:msgstr] <向下平移> -> <向下位移>
[7861:msgstr] <向左平移> -> <向左位移>
[7865:msgstr] <向右平移> -> <向右位移>
[7877:msgstr] <循環快速切換網格> -> <迴路快速切換網格>
[7905:msgstr] <在編輯窗口中顯示背景柵格> -> <在編輯視窗中顯示後台柵格>
[7975:msgstr] <在極座標系和笛卡爾座標系之間切換> -> <在極座標集（合）和笛卡爾座標集（合）之間切換>
[7983:msgstr] <始終顯示光標> -> <始終顯示游標>
[7987:msgstr] <即使在選擇工具中也顯示十字線> -> <即使在選擇工具中也顯示十字組線>
[7991:msgstr] <全屏十字光標> -> <全屏十字組游標>
[7995:msgstr] <切換顯示全屏十字光標> -> <切換顯示全屏十字組游標>
[7999:msgstr] <非活動層視圖模式> -> <非活動層視野簡圖>
[8007:msgstr] <非活動層視圖模式 (三態)> -> <非活動層視野簡圖 (三態)>
[8011:msgstr] <在正常、暗顯和隱藏三種狀態之間循環顯示非活動層> -> <在正常、暗顯和隱藏三種狀態之間迴路顯示非活動層>
[8015:msgstr] <繪製邊界框> -> <轉列邊界框>
[8036:msgstr] <顯示專案窗口> -> <顯示專案視窗>
[8040:msgstr] <顯示 3D 查看器窗口> -> <顯示 3D 查看器視窗>
[8107:msgstr] <編輯路徑配置環境變量> -> <編輯路徑配置環境變數>
[8127:msgstr] <KiCad 入門指南> -> <KiCad 入閘指南>
[8131:msgstr] <打開 \"KiCad 入門指南\"> -> <打開 \"KiCad 入閘指南\">
[8143:msgstr] <在 Web 瀏覽器中打開產品文件> -> <在 Web 瀏覽器中打開產品檔案>
[8151:msgstr] <顯示關於 KiCad 對話框> -> <顯示關於 KiCad DIALOG集（合）統、對話、交談框>
[8155:msgstr] <快捷鍵列表...> -> <捷徑鍵列表...>
[8159:msgstr] <顯示當前快捷鍵列表和相應命令> -> <顯示當前捷徑鍵列表和相應命令>
[8175:msgstr] <報告 Bug> -> <報表 Bug>
[8179:msgstr] <刷新插件> -> <再新插入>
[8183:msgstr] <重新載入所有的 Python 插件並刷新插件菜單> -> <重新載入所有的 Python 插入聯合再新插入菜單>
[8187:msgstr] <無法在獨立模式下切換到專案管理器。> -> <無法在獨立簡圖下切換到專案管理器。>
[8259:msgstr] <信號名稱不能包含 CR 或 LF 字符> -> <信號名稱不能包含 CR 或 LF 字組符>
[8263:msgstr] <信號名稱不能包含空格> -> <信號名稱不能包含空間>
[8271:msgstr] <回車符> -> <輸送筒轉回符>
[8283:msgstr] <空格> -> <空間>
[8296:msgstr] <位號不能包含字符 %s。> -> <位號不能包含字組符 %s。>
[8301:msgstr] <值欄位不能包含字符 %s 。> -> <值欄位不能包含字組符 %s 。>
[8306:msgstr] <封裝欄位不能包含字符 %s。> -> <封裝欄位不能包含字組符 %s。>
[8311:msgstr] <數據手冊欄位不能包含字符 %s。> -> <資料手冊欄位不能包含字組符 %s。>
[8316:msgstr] <圖紙名稱不能包含字符 %s。> -> <圖紙名稱不能包含字組符 %s。>
[8321:msgstr] <圖紙檔案名不能包含字符 %s。> -> <圖紙檔案名不能包含字組符 %s。>
[8326:msgstr] <該欄位不能包含字符 %s。> -> <該欄位不能包含字組符 %s。>
[8330:msgstr] <位號不能包含文本變量引用> -> <位號不能包含正文變數引用>
[8372:msgstr] <渲染引擎> -> <渲染機>
[8390:msgstr] <軟體圖形加速 (適用於不支持 KiCad 硬體加速要求的計算機)> -> <軟體圖形加速 (適用於不支持 KiCad 硬體加速要求的電腦)>
[8408:msgstr] <樣式:> -> <式樣:>
[8420:msgstr] <小十字> -> <小十字組>
[8458:msgstr] <小十字> -> <小十字組>
[8462:msgstr] <全屏十字光標> -> <全屏十字組游標>
[8466:msgstr] <始終顯示十字光標> -> <始終顯示十字組游標>
[8482:msgstr] <根據字母排序> -> <根據字組母排序>
[8486:msgstr] <最近搜索> -> <最近搜尋>
[8494:msgstr] <在繪製視圖中進行放大。> -> <在轉列視野中進行放大。>
[8498:msgstr] <在繪製視圖中進行縮小。> -> <在轉列視野中進行縮小。>
[8502:msgstr] <將繪製視圖居中到此位置> -> <將轉列視野居中到此位置>
[8510:msgstr] <將繪製視圖設置為顯示所有項目> -> <將轉列視野設置為顯示所有項目>
[8539:msgstr] <在查找器中顯示偏好設置> -> <在尋找器中顯示偏好設置>
[8576:msgstr] <按下新的快捷鍵, 或按 ESC 取消...> -> <按下新的捷徑鍵, 或按 ESC 取消...>
[8584:msgstr] <當前快捷鍵:> -> <當前捷徑鍵:>
[8588:msgstr] <清除分配的快捷鍵> -> <清除分配的捷徑鍵>
[8592:msgstr] <設置快捷鍵> -> <設置捷徑鍵>
[8597:msgstr] <'%s' 是 KiCad 中的一個保留快捷鍵, 不能進行分配。> -> <'%s' 是 KiCad 中的一個保留捷徑鍵, 不能進行分配。>
[8605:msgstr] <編輯備選快捷鍵...> -> <編輯備選捷徑鍵...>
[8613:msgstr] <清除已分配的快捷鍵> -> <清除已分配的捷徑鍵>
[8617:msgstr] <清除已分配的備選快捷鍵> -> <清除已分配的備選捷徑鍵>
[8634:msgstr] <確認修改> -> <應答修改>
[8646:msgstr] <快捷鍵> -> <捷徑鍵>
[8675:msgstr] <保存報告檔案> -> <保存報表檔案>
[8680:msgstr] <無法寫入報告到檔案 '%s'。> -> <無法寫入報表到檔案 '%s'。>
[8719:msgstr] <操作> -> <作業>
[8821:msgstr] <KiCad 符號封裝鏈接檔案> -> <KiCad 符號封裝鍊接檔案>
[8841:msgstr] <便攜式文件格式檔案 (*.PDF)> -> <便攜式檔案格式檔案 (*.PDF)>
[8853:msgstr] <報告檔案> -> <報表檔案>
[8869:msgstr] <文本檔案> -> <正文檔案>
[8901:msgstr] <GenCAD 1.4 線路板檔案> -> <GenCAD 1.4 列板檔案>
[8938:msgstr] <快捷鍵檔案> -> <捷徑鍵檔案>
[9011:msgstr] <應用, 保存原理圖並繼續> -> <應用, 保存原理圖聯合繼續>
[9032:msgstr] <關鍵字> -> <關鍵字組>
[9040:msgstr] <搜索文本> -> <搜尋正文>
[9059:msgstr] <描述: %s; 關鍵字: %s> -> <描述: %s; 關鍵字組: %s>
[9098:msgstr] <在 KiCad 中未選擇任何文本編輯器, 請選擇一個。> -> <在 KiCad 中未選擇任何正文編輯器, 請選擇一個。>
[9129:msgstr] <可用的替換路徑:> -> <可用的更換路徑:>
[9272:msgstr] <在原理圖符號的封裝欄位中保存封裝分配> -> <在原理圖示號的封裝欄位中保存封裝分配>
[9282:msgstr] <將封裝分配保存在原理圖符號的封裝欄位和原理圖檔案中> -> <將封裝分配保存在原理圖示號的封裝欄位和原理圖檔案中>
[9358:msgstr] <無法創建封裝視圖框架> -> <無法創建封裝視野框架>
[9367:msgstr] <找到並替換 %d 個重複的時間戳。> -> <找到聯合更換 %d 個重複的時間戳。>
[9372:msgstr] <已將 %s (單元 %s) 從 %s 更新到了 %s。> -> <已將 %s (單位 %s) 從 %s 更新到了 %s。>
[9382:msgstr] <已將 %s (單元 %s) 批註為 %s。> -> <已將 %s (單位 %s) 批註為 %s。>
[9422:msgstr] <網路 %s 以圖形方式連接到總線 %s, 但不是總線的成員> -> <網路 %s 以圖形方式連接到匯流排 %s, 但不是匯流排的成員>
[9494:msgstr] <遞歸到子圖紙> -> <遞迴到子圖紙>
[9527:msgstr] <使用該數字之後的可用編號:> -> <使用該數字組之後的可用編號:>
[9532:msgstr] <頁碼 X 100 後的可用數字編號> -> <頁碼 X 100 後的可用數字組編號>
[9537:msgstr] <頁碼 X 1000 後的可用數字編號> -> <頁碼 X 1000 後的可用數字組編號>
[9558:msgstr] <找不到所選的 BOM (物料清單) 生成器腳本: %s。> -> <找不到所選的 BOM (物料清單) 產生器手跡: %s。>
[9585:msgstr] <生成器名稱:> -> <產生器名稱:>
[9589:msgstr] <添加生成器> -> <添加產生器>
[9599:msgstr] <生成器檔案> -> <產生器檔案>
[9603:msgstr] <找不到生成器檔案名。> -> <找不到產生器檔案名。>
[9607:msgstr] <BOM 生成器幫助> -> <BOM 產生器幫助>
[9611:msgstr] <BOM 生成器腳本:> -> <BOM 產生器手跡:>
[9615:msgstr] <向列表中添加新的 BOM 生成器及其命令行> -> <向列表中添加新的 BOM 產生器及其命令行>
[9619:msgstr] <在文本編輯器中編輯腳本檔案> -> <在正文編輯器中編輯手跡檔案>
[9623:msgstr] <從列表中移除當前生成器腳本> -> <從列表中移除當前產生器手跡>
[9627:msgstr] <運行生成器的命令行:> -> <運行產生器的命令行:>
[9631:msgstr] <顯示控制檯窗口> -> <顯示控制台視窗>
[9644:msgstr] <將 BOM 生成器腳本列表重置為默認設置> -> <將 BOM 產生器手跡列表重置為默認設置>
[9801:msgstr] <替換原理圖中的所有符號> -> <更換原理圖中的所有符號>
[9806:msgstr] <替換指定符號> -> <更換指定符號>
[9810:msgstr] <替換已選中的符號> -> <更換已選中的符號>
[9814:msgstr] <替換與給定位號相同的符號:> -> <更換與給定位號相同的符號:>
[9818:msgstr] <替換值與給定值相同的符號:> -> <更換值與給定值相同的符號:>
[9822:msgstr] <替換使用此庫索引值的符號:> -> <更換使用此庫索引值的符號:>
[9838:msgstr] <更新欄位的文本內容> -> <更新欄位的正文內容>
[9846:msgstr] <更新欄位大小和樣式> -> <更新欄位大小和式樣>
[9887:msgstr] <*** 新符號的單元過少 ***> -> <*** 新符號的單位過少 ***>
[9902:msgstr] <將符號 %s 由 '%s' 替換為 '%s'> -> <將符號 %s 由 '%s' 更換為 '%s'>
[9907:msgstr] <將符號 %s 由 '%s' 替換為 '%s'> -> <將符號 %s 由 '%s' 更換為 '%s'>
[9966:msgstr] <更新/重置欄位的文本內容> -> <更新/重置欄位的正文內容>
[9976:msgstr] <更新/重置欄位大小和樣式> -> <更新/重置欄位大小和式樣>
[9997:msgstr] <數據庫連接成功> -> <資料庫連接成功>
[10002:msgstr] <數據庫連接失敗: %s> -> <資料庫連接失敗: %s>
[10006:msgstr] <沒有數據庫連接> -> <沒有資料庫連接>
[10023:msgstr] <密碼:> -> <凱撒加密法:>
[10027:msgstr] <連接字符串(URL):> -> <連接字組字組列(URL):>
[10042:msgstr] <重新載入數據庫庫配置檔案> -> <重新載入資料庫庫配置檔案>
[10055:msgstr] <快取多少次數據庫查詢> -> <快取多少次資料庫訊問>
[10059:msgstr] <快取超時:> -> <快取逾時:>
[10064:msgstr] <快取數據庫查詢的時間 (以秒為單位)> -> <快取資料庫訊問的時間 (以秒為單位)>
[10068:msgstr] <數據庫庫設置> -> <資料庫庫設置>
[10088:msgstr] <%u 個鏈接已映射, %u 個未找到> -> <%u 個鍊接已映射, %u 個未找到>
[10093:msgstr] <所有 %u 個鏈接已解決> -> <所有 %u 個鍊接已解決>
[10153:msgstr] <顯示批註對話框> -> <顯示批註DIALOG集（合）統、對話、交談框>
[10246:msgstr] <違規將不會被檢查或報告> -> <違規將不會被檢查或報表>
[10255:msgstr] <打開 '原理圖設置' 對話框> -> <打開 '原理圖設置' DIALOG集（合）統、對話、交談框>
[10298:msgstr] <已創建報告檔案 '%s'。> -> <已創建報表檔案 '%s'。>
[10510:msgstr] <此插件已存在。> -> <此插入已存在。>
[10514:msgstr] <必須提供網表生成器的命令內容> -> <必須提供網表產生器的命令內容>
[10518:msgstr] <必須提供網表生成器的標題內容> -> <必須提供網表產生器的標題內容>
[10534:msgstr] <瀏覽腳本...> -> <瀏覽手跡...>
[10538:msgstr] <添加基於腳本的網表匯出器> -> <添加基於手跡的網表匯出器>
[10542:msgstr] <圖紙檔案名只能在圖紙屬性對話框中修改。> -> <圖紙檔案名只能在圖紙屬性DIALOG集（合）統、對話、交談框中修改。>
[10590:msgstr] <字體:> -> <字組體:>
[10606:msgstr] <KiCad 字體> -> <KiCad 字組體>
[10614:msgstr] <左對齊> -> <左調正>
[10621:msgstr] <水平居中對齊> -> <水平居中調正>
[10629:msgstr] <右對齊> -> <右調正>
[10637:msgstr] <頂部對齊> -> <頂部調正>
[10644:msgstr] <垂直居中對齊> -> <垂直居中調正>
[10652:msgstr] <底部對齊> -> <底部調正>
[10657:msgstr] <水平文本> -> <水平正文>
[10662:msgstr] <垂直文本> -> <垂直正文>
[10670:msgstr] <文字大小:> -> <文字組大小:>
[10705:msgstr] <作用於符號的所有單元> -> <作用於符號的所有單位>
[10710:msgstr] <作用於符號的所有圖形符號樣式> -> <作用於符號的所有圖形符號式樣>
[10714:msgstr] <文本項目屬性> -> <正文項目屬性>
[10718:msgstr] <編輯文本與圖形屬性> -> <編輯正文與圖形屬性>
[10730:msgstr] <總線和總線標籤> -> <匯流排和匯流排標籤>
[10746:msgstr] <圖紙邊框和背景> -> <圖紙邊界和後台>
[10798:msgstr] <文本顏色:> -> <正文顏色:>
[10823:msgstr] <水平對齊:> -> <水平調正:>
[10834:msgstr] <垂直對齊:> -> <垂直調正:>
[10850:msgstr] <線條樣式:> -> <線條式樣:>
[10870:msgstr] <編輯文本和圖形屬性> -> <編輯正文和圖形屬性>
[10927:msgstr] <圖像屬性> -> <影像屬性>
[11016:msgstr] <輸入文本將在原理圖中使用> -> <輸入正文將在原理圖中使用>
[11024:msgstr] <語法幫助> -> <文法幫助>
[11032:msgstr] <顯示語法幫助窗口> -> <顯示文法幫助視窗>
[11074:msgstr] <水平對齊> -> <水平調正>
[11082:msgstr] <垂直對齊> -> <垂直調正>
[11094:msgstr] <文本大小> -> <正文大小>
[11226:msgstr] <圖形樣式> -> <圖形式樣>
[11232:msgstr] <引腳編號文本高度> -> <引腳編號正文高度>
[11238:msgstr] <名稱文字大小> -> <名稱文字組大小>
[11243:msgstr] <De Morgan 等效樣式> -> <De Morgan 等效式樣>
[11314:msgstr] <按單元篩選:> -> <按單位篩選:>
[11368:msgstr] <符號單元數量:> -> <符號單位數量:>
[11373:msgstr] <單元之間可以互換> -> <單位之間可以互換>
[11379:msgstr] <除引腳編號不同之外, 所有的符號單元都相同時, 請勾選此選項。> -> <除引腳編號不同之外, 所有的符號單位都相同時, 請勾選此選項。>
[11383:msgstr] <符號具有備選主體圖形樣式> -> <符號具有備選主體圖形式樣>
[11403:msgstr] <不在 PCB 中進行繪製> -> <不在 PCB 中進行轉列>
[11407:msgstr] <引腳名稱位置偏移:> -> <引腳名稱位置偏差:>
[11428:msgstr] <位號必須以字母開頭。> -> <位號必須以字組母開頭。>
[11444:msgstr] <是否刪除符號中多餘的單元?> -> <是否刪除符號中多餘的單位?>
[11448:msgstr] <是否刪除符號的備選主體圖形樣式 (De Morgan 等效樣式) ?> -> <是否刪除符號的備選主體圖形式樣 (De Morgan 等效式樣) ?>
[11493:msgstr] <關鍵字:> -> <關鍵字組:>
[11520:msgstr] <單元數量:> -> <單位數量:>
[11524:msgstr] <為包含多個單元的符號輸入單元數量> -> <為包含多個單位的符號輸入單位數量>
[11538:msgstr] <具有備選主體圖形樣式 (De Morgan 等效樣式)> -> <具有備選主體圖形式樣 (De Morgan 等效式樣)>
[11568:msgstr] <引腳文本選項> -> <引腳正文選項>
[11602:msgstr] <位置偏移:> -> <位置偏差:>
[11626:msgstr] <單元> -> <單位>
[11687:msgstr] <將寬度設為 0 以使用原理圖默認行寬。> -> <將寬度設為 0 以使用原理圖默認行寬度。>
[11731:msgstr] <遷移總線> -> <遷移匯流排>
[11741:msgstr] <引腳複用分配功能對 De Morgan 等效樣式符號不可用。> -> <引腳複用分配功能對 De Morgan 等效式樣符號不可用。>
[11745:msgstr] <退出 同步引腳 模式> -> <退出 同步引腳 簡圖>
[11757:msgstr] <如果勾選此選項, 在符號所有的單元中均會顯示此引腳。> -> <如果勾選此選項, 在符號所有的單位中均會顯示此引腳。>
[11761:msgstr] <符號只有一個單元, 該操作無效。> -> <符號只有一個單位, 該作業無效。>
[11780:msgstr] <同步引腳編輯模式。> -> <同步引腳編輯簡圖。>
[11784:msgstr] <同步引腳編輯模式。新創建的引腳會被加入到符號的所有單元。> -> <同步引腳編輯簡圖。新創建的引腳會被加入到符號的所有單位。>
[11788:msgstr] <同步引腳編輯模式。其他單元內匹配的引腳將被更新。> -> <同步引腳編輯簡圖。其他單位內匹配的引腳將被更新。>
[11800:msgstr] <引腳編號: 1-4 個 ASCII 字母 + 數字或純數字> -> <引腳編號: 1-4 個 ASCII 字組母 + 數字組或純數字組>
[11816:msgstr] <引腳名稱文本高度 (&A):> -> <引腳名稱正文高度 (&A):>
[11820:msgstr] <引腳編號文本高度 (&Z):> -> <引腳編號正文高度 (&Z):>
[11832:msgstr] <圖形樣式:> -> <圖形式樣:>
[11837:msgstr] <作用於符號的所有單元(&U)> -> <作用於符號的所有單位(&U)>
[11842:msgstr] <作用於所有圖形符號樣式 (De Morgan 等效樣式) (&S)> -> <作用於所有圖形符號式樣 (De Morgan 等效式樣) (&S)>
[11852:msgstr] <預覽:> -> <預視:>
[11864:msgstr] <繪製所有頁> -> <轉列所有頁>
[11868:msgstr] <繪製當前頁> -> <轉列當前頁>
[11895:msgstr] <繪製輸出目錄> -> <轉列輸出目錄>
[12026:msgstr] <繪製圖紙邊框和標題欄> -> <轉列圖紙邊界和標題欄>
[12030:msgstr] <繪製圖紙邊框和標題欄> -> <轉列圖紙邊界和標題欄>
[12045:msgstr] <選擇用於繪製的配色主題> -> <選擇用於轉列的配色主題>
[12049:msgstr] <繪製背景色> -> <轉列後台色>
[12053:msgstr] <如果輸出格式支持, 則繪製背景顏色> -> <如果輸出格式支持, 則轉列後台顏色>
[12063:msgstr] <將線寬設置為 0 以使用畫筆默認線寬進行繪製。> -> <將線寬設置為 0 以使用繪圖軟體、塗抹刷默認線寬進行轉列。>
[12076:msgstr] <左下, 使用繪製器單位> -> <左下, 使用轉列器單位>
[12080:msgstr] <居中, 使用繪製器單位> -> <居中, 使用轉列器單位>
[12092:msgstr] <畫筆寬度:> -> <繪圖軟體、塗抹刷寬度:>
[12106:msgstr] <從 AUTHOR && SUBJECT 變量生成元數據> -> <從 AUTHOR && SUBJECT 變數生成元資料>
[12111:msgstr] <從 AUTHOR 和 SUBJECT 文本變量生成 PDF 文件屬性> -> <從 AUTHOR 和 SUBJECT 正文變數生成 PDF 檔案屬性>
[12119:msgstr] <繪製後打開檔案> -> <轉列後打開檔案>
[12123:msgstr] <繪製成功後用關聯應用打開輸出檔案> -> <轉列成功後用關聯應用打開輸出檔案>
[12127:msgstr] <繪製原理圖選項> -> <轉列原理圖選項>
[12154:msgstr] <操作已完成> -> <作業已完成>
[12280:msgstr] <搜索 (&S):> -> <搜尋 (&S):>
[12285:msgstr] <支持包含通配符的文本> -> <支持包含通配符的正文>
[12289:msgstr] <替換 (&W):> -> <更換 (&W):>
[12310:msgstr] <全字匹配> -> <全字組匹配>
[12319:msgstr] <包括搜索引腳名稱和編號 (&N)> -> <包括搜尋引腳名稱和編號 (&N)>
[12323:msgstr] <搜索隱藏的欄位> -> <搜尋隱藏的欄位>
[12327:msgstr] <僅在當前圖紙中搜索 (&S)> -> <僅在當前圖紙中搜尋 (&S)>
[12331:msgstr] <僅在當前選區中搜索> -> <僅在當前選區中搜尋>
[12335:msgstr] <替換位號中的匹配項> -> <更換位號中的匹配項>
[12339:msgstr] <替換> -> <更換>
[12372:msgstr] <總線別名定義> -> <匯流排別名定義>
[12377:msgstr] <文本變量> -> <正文變數>
[12428:msgstr] <填充樣式> -> <填充式樣>
[12440:msgstr] <用默認背景填充主體> -> <用默認後台填充主體>
[12537:msgstr] <將 '%s' 鏈接到此檔案?> -> <將 '%s' 鍊接到此檔案?>
[12542:msgstr] <將 '%s' 的鏈接從 '%s' 改為 '%s'?> -> <將 '%s' 的鍊接從 '%s' 改為 '%s'?>
[12547:msgstr] <該操作無法撤銷。> -> <該作業無法撤銷。>
[12577:msgstr] <樣式> -> <式樣>
[12582:msgstr] <邊框寬度:> -> <邊界寬度:>
[12586:msgstr] <邊框顏色:> -> <邊界顏色:>
[12591:msgstr] <背景填充:> -> <後台填充:>
[12623:msgstr] <新建模擬選項卡> -> <新成型擬選項卡>
[12884:msgstr] <查找:> -> <尋找:>
[12904:msgstr] <相容模式:> -> <相容簡圖:>
[13046:msgstr] <有效數字:> -> <有效數字組:>
[13189:msgstr] <器件:> -> <裝置:>
[13193:msgstr] <器件類型:> -> <裝置類型:>
[13256:msgstr] <放置副本> -> <放置複製>
[13264:msgstr] <放置所有單元> -> <放置所有單位>
[13268:msgstr] <依次放置符號的所有單元。> -> <依次放置符號的所有單位。>
[13283:msgstr] <顯示數據手冊> -> <顯示資料手冊>
[13288:msgstr] <在瀏覽器中顯示數據書冊> -> <在瀏覽器中顯示資料書冊>
[13365:msgstr] <未保存的數據> -> <未保存的資料>
[13369:msgstr] <更改未保存。匯出未保存的數據?> -> <更改未保存。匯出未保存的資料?>
[13417:msgstr] <預設視圖:> -> <預設視野:>
[13446:msgstr] <遞歸> -> <遞迴>
[13468:msgstr] <欄位分隔符:> -> <欄位分離符:>
[13477:msgstr] <字符串分隔符:> -> <字組字組列分離符:>
[13485:msgstr] <位號分隔符:> -> <位號分離符:>
[13489:msgstr] <範圍分隔符:> -> <範圍分離符:>
[13542:msgstr] <單元:> -> <單位:>
[13637:msgstr] <替換符號...> -> <更換符號...>
[13664:msgstr] <庫鏈接:> -> <庫鍊接:>
[13793:msgstr] <單元格內容:> -> <單位格內容:>
[13798:msgstr] <外部邊框> -> <外部邊界>
[13803:msgstr] <頁眉邊框> -> <頁眉邊界>
[13824:msgstr] <編輯單元格屬性> -> <編輯單位格屬性>
[13829:msgstr] <水平對齊:> -> <水平調正:>
[13834:msgstr] <水平對齊> -> <水平調正>
[13839:msgstr] <垂直對齊:> -> <垂直調正:>
[13844:msgstr] <垂直對齊> -> <垂直調正>
[13860:msgstr] <單元格邊距:> -> <單位格邊距:>
[13870:msgstr] <編輯表格屬性及單元格內容> -> <編輯表格屬性及單位格內容>
[13875:msgstr] <單元格屬性> -> <單位格屬性>
[13880:msgstr] <文本框屬性> -> <正文框屬性>
[13893:msgstr] <文本不能為空。> -> <正文不能為空。>
[13907:msgstr] <編輯文本屬性> -> <編輯正文屬性>
[13911:msgstr] <背景填充> -> <後台填充>
[13915:msgstr] <鏈接:> -> <鍊接:>
[13919:msgstr] <使此文本項目變為可點擊的超鏈接> -> <使此正文項目變為可點擊的超鍊接>
[13935:msgstr] <根據原理圖的位號將封裝重新鏈接到原理圖符號> -> <根據原理圖的位號將封裝重新鍊接到原理圖示號>
[13949:msgstr] <將原理圖符號位號與 PCB 的修改進行同步。> -> <將原理圖示號位號與 PCB 的修改進行同步。>
[13959:msgstr] <將原理圖符號封裝與 PCB 的修改進行同步。> -> <將原理圖示號封裝與 PCB 的修改進行同步。>
[13963:msgstr] <將原理圖符號數值與 PCB 的修改進行同步。> -> <將原理圖示號數值與 PCB 的修改進行同步。>
[14002:msgstr] <語法幫助> -> <文法幫助>
[14010:msgstr] <連線/總線> -> <連線/匯流排>
[14014:msgstr] <連線/總線> -> <連線/匯流排>
[14018:msgstr] <連線/總線寬度:> -> <連線/匯流排寬度:>
[14022:msgstr] <將寬度設置為 0 以使用網路類的連線/總線默認寬度。> -> <將寬度設置為 0 以使用網路類的連線/匯流排默認寬度。>
[14026:msgstr] <連線 & 總線屬性> -> <連線 & 匯流排屬性>
[14056:msgstr] <顏色預覽> -> <顏色預視>
[14064:msgstr] <默認字體:> -> <默認字組體:>
[14105:msgstr] <繪製選定的子項> -> <轉列選定的子項>
[14143:msgstr] <確保交叉探測符號在當前視圖中可見> -> <確保交叉探測符號在當前視野中可見>
[14148:msgstr] <縮放視圖以適應交叉探測項目> -> <縮放視野以適應交叉探測項目>
[14161:msgstr] <線條繪製模式:> -> <線條轉列簡圖:>
[14177:msgstr] <拖動鼠標時執行拖動 (G) 操作> -> <拖動鼠標時執行拖動 (G) 作業>
[14181:msgstr] <如果未選中, 拖動鼠標時將執行移動 (M) 操作> -> <如果未選中, 拖動鼠標時將執行移動 (M) 作業>
[14211:msgstr] <圖紙邊框:> -> <圖紙邊界:>
[14215:msgstr] <圖紙背景:> -> <圖紙後台:>
[14292:msgstr] <允許放置欄位時自動對齊 (&L)> -> <允許放置欄位時自動調正 (&L)>
[14296:msgstr] <放置欄位時自動對齊到 50mil 柵格 (&W)> -> <放置欄位時自動調正到 50mil 柵格 (&W)>
[14318:msgstr] <對話框偏好設置> -> <DIALOG集（合）統、對話、交談框偏好設置>
[14322:msgstr] <在符號選擇器中顯示封裝預覽> -> <在符號選擇器中顯示封裝預視>
[14339:msgstr] <總線定義:> -> <匯流排定義:>
[14356:msgstr] <網路/嵌套總線名稱> -> <網路/嵌套匯流排名稱>
[14366:msgstr] <符號單元標記:> -> <符號單位標記:>
[14395:msgstr] <默認文本大小:> -> <默認正文大小:>
[14399:msgstr] <上劃線偏移率:> -> <上劃線偏差率:>
[14403:msgstr] <標籤偏移率:> -> <標籤偏差率:>
[14410:msgstr] <在連線、總線或引腳上方 (或下方) 的標籤文本的文字大小百分比> -> <在連線、匯流排或引腳上方 (或下方) 的標籤正文的文字組大小百分比>
[14419:msgstr] <全局標籤周圍的空間佔文本大小的百分比> -> <全局標籤周圍的空間佔正文大小的百分比>
[14515:msgstr] <有效數字(電壓):> -> <有效數字組(電壓):>
[14565:msgstr] <有效數字 (電流):> -> <有效數字組 (電流):>
[14633:msgstr] <左/右平移> -> <左/右位移>
[14637:msgstr] <左/右平移> -> <左/右位移>
[14641:msgstr] <上/下平移> -> <上/下位移>
[14664:msgstr] <操作> -> <作業>
[14684:msgstr] <觸摸板水平移動:> -> <觸摸板水位移動:>
[14718:msgstr] <默認引腳名稱文本高度 (&A):> -> <默認引腳名稱正文高度 (&A):>
[14731:msgstr] <表格條目的行名稱和庫路徑單元格為空。> -> <表格條目的行名稱和庫路徑單位格為空。>
[14736:msgstr] <表格條目的行名稱單元格為空。> -> <表格條目的行名稱單位格為空。>
[14741:msgstr] <表格條目的庫路徑單元格為空。> -> <表格條目的庫路徑單位格為空。>
[14753:msgstr] <表格中有空白單元格, 將會移除表格中所有無效的行。> -> <表格中有空白單位格, 將會移除表格中所有無效的行。>
[14758:msgstr] <移除所有無效單元格> -> <移除所有無效單位格>
[14768:msgstr] <在名稱: '%2$s' 中出現非法字符 '%1$c'> -> <在名稱: '%2$s' 中出現非法字組符 '%1$c'>
[14834:msgstr] <選擇一條或多條庫並將其保存為當前 KiCad 庫格式 (*.kicad_sym)。> -> <選擇一條或多條庫聯合將其保存為當前 KiCad 庫格式 (*.kicad_sym)。>
[14841:msgstr] <將 '%s' 另存為當前 KiCad 庫格式 (*.kicad_sym) 並替換表中的舊格式條目?> -> <將 '%s' 另存為當前 KiCad 庫格式 (*.kicad_sym) 聯合更換表中的舊格式條目?>
[14848:msgstr] <將 %d 個庫另存為當前 KiCad 版本格式 (*.kicad_sym) 並替換表中的舊條目?> -> <將 %d 個庫另存為當前 KiCad 版本格式 (*.kicad_sym) 聯合更換表中的舊條目?>
[14972:msgstr] <這是一個唯讀列表, 顯示了相關的環境變量。> -> <這是一個唯讀列表, 顯示了相關的環境變數。>
[15066:msgstr] <將符號 '%s' 單元 %d 繪製到 '%s'\n> -> <將符號 '%s' 單位 %d 轉列到 '%s'\n>
[15071:msgstr] <將符號 '%s' 繪製到 '%s'\n> -> <將符號 '%s' 轉列到 '%s'\n>
[15113:msgstr] <無法將 ERC 報告保存到 %s\n> -> <無法將 ERC 報表保存到 %s\n>
[15118:msgstr] <已將 ERC 報告保存到檔案 %s\n> -> <已將 ERC 報表保存到檔案 %s\n>
[15180:msgstr] <圖紙中未解析的文本變量> -> <圖紙中未解析的正文變數>
[15185:msgstr] <總線別名 %s 在 %s 和 %s 上的定義衝突> -> <匯流排別名 %s 在 %s 和 %s 上的定義衝突>
[15195:msgstr] <符號 %s 有未放置的單元 %s> -> <符號 %s 有未放置的單位 %s>
[15200:msgstr] <符號 %s 在未放置的單元 %s 中有輸入電源引腳。> -> <符號 %s 在未放置的單位 %s 中有輸入電源引腳。>
[15205:msgstr] <符號 %s 在未放置的單元 %s 中有輸入引腳。> -> <符號 %s 在未放置的單位 %s 中有輸入引腳。>
[15210:msgstr] <符號 %s 在未放置的單元 %s 中有雙向引腳。> -> <符號 %s 在未放置的單位 %s 中有雙向引腳。>
[15219:msgstr] <帶有 '無連接' 標誌的引腳具有外部連接> -> <帶有 '無連接' 標籤的引腳具有外部連接>
[15279:msgstr] <正在檢查總線衝突...> -> <正在檢查匯流排衝突...>
[15292:msgstr] <正在檢查單元...> -> <正在檢查單位...>
[15308:msgstr] <正在檢查未解析的變量...> -> <正在檢查未解析的變數...>
[15324:msgstr] <檢查封裝鏈接問題...> -> <檢查封裝鍊接問題...>
[15328:msgstr] <檢查偏離柵格的引腳與走線...> -> <檢查偏差柵格的引腳與走線...>
[15349:msgstr] <符號引腳或連線沒有與柵格對齊> -> <符號引腳或連線沒有與柵格調正>
[15373:msgstr] <帶有 '無連接' 標誌的引腳具有外部連接> -> <帶有 '無連接' 標籤的引腳具有外部連接>
[15377:msgstr] <未連接的 '無連接' 標誌> -> <未連接的 '無連接' 標籤>
[15397:msgstr] <符號的另一個單元中分配了一個不同的封裝> -> <符號的另一個單位中分配了一個不同的封裝>
[15401:msgstr] <不同的網路被分配到符號另一單元中的一個共用引腳> -> <不同的網路被分配到符號另一單位中的一個共用引腳>
[15405:msgstr] <原理圖圖紙中總線別名定義之間的衝突> -> <原理圖圖紙中匯流排別名定義之間的衝突>
[15409:msgstr] <這個總線或網路的名稱不止一個> -> <這個匯流排或網路的名稱不止一個>
[15421:msgstr] <網路以圖形方式連接到總線, 但不是總線成員> -> <網路以圖形方式連接到匯流排, 但不是匯流排成員>
[15425:msgstr] <總線以圖形方式連接, 但不共享總線成員> -> <匯流排以圖形方式連接, 但不共享匯流排成員>
[15429:msgstr] <總線和網路項目之間的連接無效> -> <匯流排和網路項目之間的連接無效>
[15433:msgstr] <未解析的文本變量> -> <未解析的正文變數>
[15457:msgstr] <封裝鏈接問題> -> <封裝鍊接問題>
[15465:msgstr] <符號的單元比定義的要多> -> <符號的單位比定義的要多>
[15469:msgstr] <符號有未放置的單元> -> <符號有未放置的單位>
[15485:msgstr] <同一符號的單元的值不同> -> <同一符號的單位的值不同>
[15493:msgstr] <需要總線入口> -> <需要匯流排入口>
[15498:msgstr] <ERC 報告 (%s, UTF8 編碼)\n> -> <ERC 報表 (%s, UTF8 編碼)\n>
[15740:msgstr] <檔案存儲失敗。> -> <檔案儲存失敗。>
[15903:msgstr] <沒有處理此檔案類型的插件。> -> <沒有處理此檔案類型的插入。>
[15910:msgstr] <只匯入矢量圖。位圖和字體將被忽略。> -> <只匯入矢量圖。位元映射和字組體將被忽略。>
[15962:msgstr] <'單元數量' 差異。> -> <'單位數量' 差異。>
[16008:msgstr] <'封裝關鍵字' 差異。> -> <'封裝關鍵字組' 差異。>
[16012:msgstr] <'符號引腳與名稱偏移量' 差異。> -> <'符號引腳與名稱偏差量' 差異。>
[16038:msgstr] <單元 %s> -> <單位 %s>
[16080:msgstr] <將當前的原理圖圖紙替換為從另一個應用程序匯入的原理圖圖紙> -> <將當前的原理圖圖紙更換為從另一個應用程式匯入的原理圖圖紙>
[16093:msgstr] <繪圖到剪貼板> -> <繪圖到剪輯板>
[16142:msgstr] <從 %s, %s 到 %s, %s 的總線> -> <從 %s, %s 到 %s, %s 的匯流排>
[16186:msgstr] <從 %s, %s 到 %s, %s 的總線到連線入口> -> <從 %s, %s 到 %s, %s 的匯流排到連線入口>
[16191:msgstr] <從 %s, %s 到 %s, %s 的總線到總線入口> -> <從 %s, %s 到 %s, %s 的匯流排到匯流排入口>
[16262:msgstr] <更改單元> -> <更改單位>
[16267:msgstr] <在庫 '%s' 中未找到符號 '%s' 的備選主體圖形樣式。> -> <在庫 '%s' 中未找到符號 '%s' 的備選主體圖形式樣。>
[16271:msgstr] <更改主體樣式> -> <更改主體式樣>
[16353:msgstr] <打印圖紙邊框和標題欄。> -> <打印圖紙邊界和標題欄。>
[16358:msgstr] <打印背景色> -> <打印後台色>
[16484:msgstr] <總線到連線入口> -> <匯流排到連線入口>
[16488:msgstr] <總線到總線入口> -> <匯流排到匯流排入口>
[16498:msgstr] <總線> -> <匯流排>
[16502:msgstr] <總線輸入類型> -> <匯流排輸入類型>
[16519:msgstr] <總線別名 %s 成員> -> <匯流排別名 %s 成員>
[16612:msgstr] <水平對齊> -> <水平調正>
[16616:msgstr] <豎直對齊> -> <豎直調正>
[16645:msgstr] <存儲檔案沒有被完全解析 (%d 字節剩餘)。> -> <儲存檔案沒有被完全解析 (%d 位元組剩餘)。>
[16681:msgstr] <符號 \"%s\"(位於圖紙 \"%s\", 該圖紙位於索引 %d) 被符號\"%s\"替換。> -> <符號 \"%s\"(位於圖紙 \"%s\", 該圖紙位於索引 %d) 被符號\"%s\"更換。>
[16715:msgstr] <未知樣式的電源端口匯入為 'Bar' 類型。> -> <未知式樣的電源端口匯入為 'Bar' 類型。>
[16729:msgstr] <Altium 的線束端口 (%s) 被匯入為文本框。請檢查匯入的原理圖。> -> <Altium 的線束端口 (%s) 被匯入為正文框。請檢查匯入的原理圖。>
[16739:msgstr] <在存儲中找不到嵌入檔案 %s。> -> <在儲存中找不到嵌入檔案 %s。>
[16917:msgstr] <文件符號 '%s' 是指庫中不存在的符號定義 ID '%s'。未載入符號。> -> <檔案符號 '%s' 是指庫中不存在的符號定義 ID '%s'。未載入符號。>
[16921:msgstr] <由於原理圖沒有附加在工程中, 因此無法設置文本變量。> -> <由於原理圖沒有附加在工程中, 因此無法設置正文變數。>
[16998:msgstr] <讀取數據庫表 %s 出錯: %s> -> <讀取資料庫表 %s 出錯: %s>
[17003:msgstr] <無法載入數據庫庫: 設置檔案 %s 丟失或無效> -> <無法載入資料庫庫: 設置檔案 %s 丟失或無效>
[17008:msgstr] <無法載入數據庫庫: 無法連接到數據庫 %s (%s)> -> <無法載入資料庫庫: 無法連接到資料庫 %s (%s)>
[17012:msgstr] <KiCad 數據庫庫檔案> -> <KiCad 資料庫庫檔案>
[17093:msgstr] <httplib 插件缺少庫表句柄!> -> <httplib 插入缺少庫表處置!>
[17130:msgstr] <從 HTTP 庫 %s 讀取數據時出錯: %s> -> <從 HTTP 庫 %s 讀取資料時出錯: %s>
[17152:msgstr] <用戶取消了打開操作。> -> <用戶取消了打開作業。>
[17193:msgstr] <符號欄位文本特性至少要包含 3 個字符> -> <符號欄位正文特性至少要包含 3 個字組符>
[17213:msgstr] <需要不帶括號的字符> -> <需要不帶括號的字組符>
[17232:msgstr] <符號文件庫檔案為空> -> <符號檔案庫檔案為空>
[17260:msgstr] <符號 %s 包含無效字符 '%c'> -> <符號 %s 包含無效字組符 '%c'>
[17273:msgstr] <擴展符號 %s 沒有父級> -> <延伸符號 %s 沒有父級>
[17277:msgstr] <無效的符號單元名稱> -> <無效的符號單位名稱>
[17282:msgstr] <無效的符號單元名前綴 %s> -> <無效的符號單位名前綴 %s>
[17287:msgstr] <無效的符號單元名稱後綴 %s> -> <無效的符號單位名稱後綴 %s>
[17292:msgstr] <無效的符號庫單元數 %s> -> <無效的符號庫單位數 %s>
[17302:msgstr] <無效的超鏈接 url '%s'> -> <無效的超鍊接 url '%s'>
[17338:msgstr] <無效的文本字符串> -> <無效的正文字組字組列>
[17372:msgstr] <第 %d 行應為整型 (檔案 %s)> -> <第 %d 行應為整數型態 (檔案 %s)>
[17377:msgstr] <第 %d 行缺少預期數據 (檔案 %s)> -> <第 %d 行缺少預期資料 (檔案 %s)>
[17382:msgstr] <第 %d 行找到額外數據 (檔案 %s)> -> <第 %d 行找到額外資料 (檔案 %s)>
[17430:msgstr] <插件 \"%s\" 不能執行 \"%s\" 功能。> -> <插入 \"%s\" 不能執行 \"%s\" 功能。>
[17435:msgstr] <\"%s\" 類型插件找不到。> -> <\"%s\" 類型插入找不到。>
[17445:msgstr] <主體樣式> -> <主體式樣>
[17559:msgstr] <垂直總線, 長度 %s> -> <垂直匯流排, 長度 %s>
[17574:msgstr] <水平總線, 長度 %s> -> <水平匯流排, 長度 %s>
[17589:msgstr] <總線, 長度 %s> -> <匯流排, 長度 %s>
[17682:msgstr] <繪製到 '%s'。\n> -> <轉列到 '%s'。\n>
[17698:msgstr] <已繪製到 '%s'。> -> <已轉列到 '%s'。>
[17707:msgstr] <無法寫入繪製檔案到資料夾 '%s'。> -> <無法寫入轉列檔案到資料夾 '%s'。>
[17712:msgstr] <未批註項目: %s%s (單元 %d)> -> <未批註項目: %s%s (單位 %d)>
[17722:msgstr] <錯誤: 符號 %s%s%s(單元 %d) 超出定義的單元 (%d)> -> <錯誤: 符號 %s%s%s(單位 %d) 超出定義的單位 (%d)>
[17747:msgstr] <正將原理圖符號 '%s %s' 庫索引值設置為 '%s'。> -> <正將原理圖示號 '%s %s' 庫索引值設置為 '%s'。>
[17754:msgstr] <原理圖符號引用 '%s' 庫索引值無效。無法鏈接庫符號。> -> <原理圖示號引用 '%s' 庫索引值無效。無法鍊接庫符號。>
[17761:msgstr] <找不到符號庫 '%s' , 並且沒有可用的後備快取庫。無法鏈接庫符號。> -> <找不到符號庫 '%s' , 聯合且沒有可用的後備快取庫。無法鍊接庫符號。>
[17771:msgstr] <正在回退到快取以設置符號 '%s:%s' 鏈接 '%s'。> -> <正在回退到快取以設置符號 '%s:%s' 鍊接 '%s'。>
[17776:msgstr] <找不到原理圖符號 '%s %s'的庫符號。> -> <找不到原理圖示號 '%s %s'的庫符號。>
[17800:msgstr] <主體輪廓顏色> -> <主體設定檔顏色>
[17804:msgstr] <主體背景顏色> -> <主體後台顏色>
[17837:msgstr] <邊框寬度> -> <邊界寬度>
[17842:msgstr] <邊框顏色> -> <邊界顏色>
[17846:msgstr] <背景顏色> -> <後台顏色>
[17863:msgstr] <不在 PCB 中進行繪製> -> <不在 PCB 中進行轉列>
[17894:msgstr] <標誌> -> <標籤>
[17932:msgstr] <庫鏈接> -> <庫鍊接>
[17941:msgstr] <不在 PCB 中進行繪製> -> <不在 PCB 中進行轉列>
[17967:msgstr] <外部邊框> -> <外部邊界>
[17971:msgstr] <頁眉邊框> -> <頁眉邊界>
[17976:msgstr] <邊框樣式> -> <邊界式樣>
[17980:msgstr] <行分隔符> -> <行分離符>
[17984:msgstr] <單元格分隔符> -> <單位格分離符>
[17988:msgstr] <分隔符寬度> -> <分離符寬度>
[17992:msgstr] <分隔符樣式> -> <分離符式樣>
[17996:msgstr] <分隔符顏色> -> <分離符顏色>
[18001:msgstr] <單元格 %s> -> <單位格 %s>
[18005:msgstr] <單元格寬度> -> <單位格寬度>
[18009:msgstr] <單元格高度> -> <單位格高度>
[18014:msgstr] <圖形文本 '%s'> -> <圖形正文 '%s'>
[18018:msgstr] <居中對齊> -> <居中調正>
[18332:msgstr] <信號名稱包含 '{' 和 '}', 但不是有效的總線名稱> -> <信號名稱包含 '{' 和 '}', 但不是有效的匯流排名稱>
[18336:msgstr] <信號名稱包含 '[' 或 ']', 但不是有效的總線名。> -> <信號名稱包含 '[' 或 ']', 但不是有效的匯流排名。>
[18755:msgstr] <新的註釋字符無效。> -> <新的註釋字組符無效。>
[18759:msgstr] <無效的語法。應該是 |_char 或 &_char 等...> -> <無效的文法。應該是 |_char 或 &_char 等...>
[18775:msgstr] <無效的 ramp 數據> -> <無效的 ramp 資料>
[18787:msgstr] <此矩陣行的數據過多。> -> <此矩陣行的資料過多。>
[18791:msgstr] <該矩陣的數據過多。> -> <該矩陣的資料過多。>
[18820:msgstr] <矩陣指針為空> -> <矩陣指標為空>
[18897:msgstr] <缺少關鍵字。> -> <缺少關鍵字組。>
[18945:msgstr] <驅動程序的模型類型無效。> -> <驅動程式的模型類型無效。>
[18949:msgstr] <器件的型號類型無效> -> <裝置的型號類型無效>
[18953:msgstr] <循環次數應大於 0。> -> <迴路次數應大於 0。>
[19170:msgstr] <循環數> -> <迴路數>
[19244:msgstr] <模擬沒有提供任何繪圖。請參考控制檯窗口的結果。> -> <模擬沒有提供任何繪圖。請參考控制台視窗的結果。>
[19381:msgstr] <繪製> -> <轉列>
[19386:msgstr] <光標 1> -> <游標 1>
[19391:msgstr] <光標 2> -> <游標 2>
[19420:msgstr] <錯誤: 模擬類型不支持繪製。\n> -> <錯誤: 模擬類型不支持轉列。\n>
[19449:msgstr] <無法從 %s 創建模擬模型> -> <無法從 %s 創成型擬模型>
[19728:msgstr] <<b>柵格外引腳 %s</b>%s, 位於 <b>(%s,%s )</b>, 此座標在單元 %c 中。> -> <<b>柵格外引腳 %s</b>%s, 位於 <b>(%s,%s )</b>, 此座標在單位 %c 中。>
[20013:msgstr] <是否放棄變更, 並將 '%s' 重置為上一保存版本?> -> <是否放棄變更, 聯合將 '%s' 重置為上一保存版本?>
[20062:msgstr] <數據手冊> -> <資料手冊>
[20241:msgstr] <載入符號封裝鏈接檔案> -> <載入符號封裝鍊接檔案>
[20266:msgstr] <未能打開符號封裝鏈接檔案 '%s'。> -> <未能打開符號封裝鍊接檔案 '%s'。>
[20289:msgstr] <封裝 '%s' 和 '%s' 鏈接到相同的符號。> -> <封裝 '%s' 和 '%s' 鍊接到相同的符號。>
[20305:msgstr] <請先將原理圖批註完整, 然後才能重鏈接封裝。> -> <請先將原理圖批註完整, 然後才能重鍊接封裝。>
[20309:msgstr] <用戶取消了封裝重鏈接。> -> <用戶取消了封裝重鍊接。>
[20327:msgstr] <將 %s 的封裝分配從 '%s' 替換為 '%s'。> -> <將 %s 的封裝分配從 '%s' 更換為 '%s'。>
[20389:msgstr] <顯示符號檢查器窗口> -> <顯示符號檢查器視窗>
[20393:msgstr] <顯示原理圖符號與庫中的對應符號之間的差異> -> <顯示原理圖示號與庫中的對應符號之間的差異>
[20397:msgstr] <顯示總線語法> -> <顯示匯流排文法>
[20401:msgstr] <顯示運行 SPICE 或 IBIS 模擬的模擬窗口。> -> <顯示運行 SPICE 或 IBIS 模擬的模擬視窗。>
[20405:msgstr] <在瀏覽器中打開數據手冊> -> <在瀏覽器中打開資料手冊>
[20422:msgstr] <選擇光標下的連接項> -> <選擇游標下的連接項>
[20466:msgstr] <創建副本> -> <創建複製>
[20470:msgstr] <創建所選符號的副本> -> <創建所選符號的複製>
[20514:msgstr] <在文本編輯器中編輯...> -> <在正文編輯器中編輯...>
[20518:msgstr] <使用文本編輯器打開庫檔案> -> <使用正文編輯器打開庫檔案>
[20530:msgstr] <設置單元顯示名稱...> -> <設置單位顯示名稱...>
[20534:msgstr] <設置單元的顯示名稱> -> <設置單位的顯示名稱>
[20570:msgstr] <匯出視圖為 PNG...> -> <匯出視野為 PNG...>
[20574:msgstr] <從當前視圖創建 PNG 檔案> -> <從當前視野創建 PNG 檔案>
[20586:msgstr] <同步引腳編輯模式> -> <同步引腳編輯簡圖>
[20612:msgstr] <切換隱藏的文本欄位的顯示狀態> -> <切換隱藏的正文欄位的顯示狀態>
[20628:msgstr] <添加文本> -> <添加正文>
[20633:msgstr] <添加文本項目> -> <添加正文項目>
[20640:msgstr] <添加文本框> -> <添加正文框>
[20644:msgstr] <添加文本框> -> <添加正文框>
[20660:msgstr] <繪製多邊形> -> <轉列多邊形>
[20712:msgstr] <添加 '無連接' 標誌> -> <添加 '無連接' 標籤>
[20716:msgstr] <繪製 '無連接' 標誌> -> <轉列 '無連接' 標籤>
[20724:msgstr] <繪製結點> -> <轉列結點>
[20728:msgstr] <添加總線入口> -> <添加匯流排入口>
[20732:msgstr] <為總線添加連線入口> -> <為匯流排添加連線入口>
[20742:msgstr] <繪製網路標籤> -> <轉列網路標籤>
[20766:msgstr] <繪製層次圖紙> -> <轉列層次圖紙>
[20790:msgstr] <繪製文本項目> -> <轉列正文項目>
[20794:msgstr] <繪製文本框項目> -> <轉列正文框項目>
[20802:msgstr] <繪製表格> -> <轉列表格>
[20810:msgstr] <繪製矩形> -> <轉列矩形>
[20818:msgstr] <繪製圓形> -> <轉列圓形>
[20826:msgstr] <繪製弧線> -> <轉列弧線>
[20834:msgstr] <添加位圖圖片> -> <添加位元映射圖片>
[20843:msgstr] <繪製引線> -> <轉列引線>
[20855:msgstr] <閉合邊框> -> <閉合邊界>
[20859:msgstr] <閉合正在繪製的邊框> -> <閉合正在轉列的邊界>
[20867:msgstr] <複製最後繪製的項目> -> <複製最後轉列的項目>
[20916:msgstr] <顯示項目屬性對話框> -> <顯示項目屬性DIALOG集（合）統、對話、交談框>
[20924:msgstr] <顯示位號對話框> -> <顯示位號DIALOG集（合）統、對話、交談框>
[20932:msgstr] <顯示值欄位對話框> -> <顯示值欄位DIALOG集（合）統、對話、交談框>
[20941:msgstr] <顯示封裝欄位對話框> -> <顯示封裝欄位DIALOG集（合）統、對話、交談框>
[20949:msgstr] <在符號或圖紙的欄位上運行自動放置算法> -> <在符號或圖紙的欄位上運行自動放置演算法(一套規則>
[20953:msgstr] <替換符號...> -> <更換符號...>
[20965:msgstr] <更新符號以使原理圖符號與庫中的符號同步> -> <更新符號以使原理圖示號與庫中的符號同步>
[20977:msgstr] <更新符號以使原理圖符號與庫中的符號同步> -> <更新符號以使原理圖示號與庫中的符號同步>
[20985:msgstr] <為匹配模式的網路分配一個網路類> -> <為匹配簡圖的網路分配一個網路類>
[21009:msgstr] <切換為備選的 De Morgan 樣式> -> <切換為備選的 De Morgan 式樣>
[21045:msgstr] <更改為文本> -> <更改為正文>
[21049:msgstr] <將現有項目更改為文本註釋> -> <將現有項目更改為正文註釋>
[21053:msgstr] <更改為文本框> -> <更改為正文框>
[21057:msgstr] <將現有項目更改為文本框> -> <將現有項目更改為正文框>
[21069:msgstr] <編輯文本與圖形屬性...> -> <編輯正文與圖形屬性...>
[21073:msgstr] <在原理圖中全局編輯文本和圖形屬性> -> <在原理圖中全局編輯正文和圖形屬性>
[21081:msgstr] <顯示符號屬性對話框> -> <顯示符號屬性DIALOG集（合）統、對話、交談框>
[21109:msgstr] <高亮光標下的網路> -> <高亮游標下的網路>
[21194:msgstr] <設置 '不在 PCB 中進行繪製' 特性> -> <設置 '不在 PCB 中進行轉列' 特性>
[21198:msgstr] <設置 '不在 PCB 中進行繪製' 特性> -> <設置 '不在 PCB 中進行轉列' 特性>
[21202:msgstr] <清除 '不在 PCB 中進行繪製' 特性> -> <清除 '不在 PCB 中進行轉列' 特性>
[21206:msgstr] <清除 '不在 PCB 中進行繪製' 特性> -> <清除 '不在 PCB 中進行轉列' 特性>
[21210:msgstr] <切換 '不在 PCB 中進行繪製' 特性> -> <切換 '不在 PCB 中進行轉列' 特性>
[21214:msgstr] <切換 '不在 PCB 中進行繪製' 特性> -> <切換 '不在 PCB 中進行轉列' 特性>
[21254:msgstr] <編輯符號庫鏈接...> -> <編輯符號庫鍊接...>
[21258:msgstr] <編輯原理圖和庫符號之間的鏈接> -> <編輯原理圖和庫符號之間的鍊接>
[21283:msgstr] <填寫原理圖符號位號> -> <填寫原理圖示號位號>
[21291:msgstr] <編輯原理圖設置, 包括批註樣式和電氣規則> -> <編輯原理圖設置, 包括批註式樣和電氣規則>
[21321:msgstr] <將繪圖匯出到剪貼板> -> <將繪圖匯出到剪輯板>
[21325:msgstr] <將當前圖紙的繪圖匯出到剪貼板> -> <將當前圖紙的繪圖匯出到剪輯板>
[21366:msgstr] <為當前原理圖生成物料清單 (舊版生成器)> -> <為當前原理圖生成物料清單 (舊版產生器)>
[21376:msgstr] <為當前原理圖生成物料清單(外部生成器)> -> <為當前原理圖生成物料清單(外部產生器)>
[21448:msgstr] <顯示模擬的工作點電壓數據> -> <顯示模擬的工作點電壓資料>
[21456:msgstr] <顯示模擬的工作點電流數據> -> <顯示模擬的工作點電流資料>
[21461:msgstr] <連線和總線的走線模式> -> <連線和匯流排的走線簡圖>
[21465:msgstr] <任意角度繪製和拖動> -> <任意角度轉列和拖動>
[21475:msgstr] <將繪圖和拖動操作約束為水平方向, 垂直方向或斜 45 度方向> -> <將繪圖和拖動作業約束為水平方向, 垂直方向或斜 45 度方向>
[21479:msgstr] <切換到下一個線模式> -> <切換到下一個線簡圖>
[21495:msgstr] <運行各種診斷程序並嘗試修復原理圖> -> <運行各種偵錯程式聯合嘗試修復原理圖>
[21499:msgstr] <腳本控制檯> -> <手跡控制台>
[21503:msgstr] <顯示 Python 腳本控制檯> -> <顯示 Python 手跡控制台>
[21587:msgstr] <添加總線> -> <添加匯流排>
[21591:msgstr] <添加總線> -> <添加匯流排>
[21597:msgstr] <從總線上展開> -> <從匯流排上展開>
[21601:msgstr] <從總線上展開一條連線> -> <從匯流排上展開一條連線>
[21646:msgstr] <將項目與柵格對齊> -> <將項目與柵格調正>
[21654:msgstr] <將當前圖紙的副本保存到其他位置或以另一個名稱進行保存> -> <將當前圖紙的複製保存到其他位置或以另一個名稱進行保存>
[21698:msgstr] <將當前繪圖匯出到剪貼板> -> <將當前繪圖匯出到剪輯板>
[21714:msgstr] <用虛線繪製輔助信號線(電流或相位)> -> <用虛線轉列輔助信號線(電流或相位)>
[21718:msgstr] <暗色模式> -> <暗色簡圖>
[21722:msgstr] <用黑色背景繪圖> -> <用黑色後台繪圖>
[21730:msgstr] <編輯當前分析選項卡的 SPICE 命令和繪製設置> -> <編輯當前分析選項卡的 SPICE 命令和轉列設置>
[21850:msgstr] <未設置數據手冊鏈接。> -> <未設置資料手冊鍊接。>
[21915:msgstr] <繪製 %s> -> <轉列 %s>
[21919:msgstr] <繪製表格> -> <轉列表格>
[21935:msgstr] <符號單元> -> <符號單位>
[21975:msgstr] <創建副本> -> <創建複製>
[22035:msgstr] <是否放棄變更, 並將 '%s' (及所有子圖紙) 重置為上一保存版本?> -> <是否放棄變更, 聯合將 '%s' (及所有子圖紙) 重置為上一保存版本?>
[22074:msgstr] <無法編輯有損壞的庫符號鏈接的符號。> -> <無法編輯有損壞的庫符號鍊接的符號。>
[22081:msgstr] <已替換 %d 個重複 ID。\n> -> <已更換 %d 個重複 ID。\n>
[22105:msgstr] <再次查找到開始。> -> <再次尋找到開始。>
[22109:msgstr] <未選擇總線> -> <未選擇匯流排>
[22113:msgstr] <總線沒有成員> -> <匯流排沒有成員>
[22151:msgstr] <另存繪製為圖片> -> <另存轉列為圖片>
[22155:msgstr] <保存繪製數據> -> <保存轉列資料>
[22168:msgstr] <未在 KiCad 中配置任何文本編輯器, 請選擇一個。> -> <未在 KiCad 中配置任何正文編輯器, 請選擇一個。>
[22192:msgstr] <匯出視圖為 PNG> -> <匯出視野為 PNG>
[22230:msgstr] <輸入單元 %s 的顯示名> -> <輸入單位 %s 的顯示名>
[22234:msgstr] <設置單元顯示名> -> <設置單位顯示名>
[22238:msgstr] <對齊> -> <調正>
[22247:msgstr] <這個位置已經被另一個引腳佔用, 在單元 %d 中。> -> <這個位置已經被另一個引腳佔用, 在單位 %d 中。>
[22268:msgstr] <替換原理圖中的所有符號> -> <更換原理圖中的所有符號>
[22370:msgstr] <不在 PCB 中進行繪製> -> <不在 PCB 中進行轉列>
[22408:msgstr] <限制為 E24 系列值。> -> <限制為 E24 集（合）列值。>
[22412:msgstr] <限制為 E48 系列值。> -> <限制為 E48 集（合）列值。>
[22416:msgstr] <限制為 E96 系列值> -> <限制為 E96 集（合）列值>
[22420:msgstr] <限制為 E192 系列值> -> <限制為 E192 集（合）列值>
[22424:msgstr] <丟棄當前的數據?> -> <丟棄當前的資料?>
[22440:msgstr] <X 偏移:> -> <X 偏差:>
[22447:msgstr] <Y 偏移:> -> <Y 偏差:>
[22496:msgstr] <通孔數據> -> <通孔資料>
[22579:msgstr] <存儲選項> -> <儲存選項>
[22583:msgstr] <獲取存儲選項> -> <獲取儲存選項>
[22681:msgstr] <繪圖模式> -> <繪圖簡圖>
[22734:msgstr] <這些參數通常在檔案中指定, 但並不總是如此。> -> <這些參數通常在檔案中指定, 但聯合不總是如此。>
[22940:msgstr] <底層絲印字符> -> <底層絲印字組符>
[22944:msgstr] <頂層絲印字符> -> <頂層絲印字組符>
[22985:msgstr] <<b>Gerber job 檔案無法作為繪製檔案載入</b><i>%s</i>> -> <<b>Gerber job 檔案無法作為轉列檔案載入</b><i>%s</i>>
[23106:msgstr] <圖像旋轉。> -> <影像旋轉。>
[23110:msgstr] <X 對齊> -> <X 調正>
[23114:msgstr] <Y 對齊> -> <Y 調正>
[23118:msgstr] <圖像偏移對齊> -> <影像偏差調正>
[23138:msgstr] <清除最近的作業檔案> -> <清除最近的工件檔案>
[23164:msgstr] <此作業檔案使用過時的格式。請重新創建它。> -> <此工件檔案使用過時的格式。請重新創建它。>
[23184:msgstr] <打開最近的作業檔案> -> <打開最近的工件檔案>
[23275:msgstr] <打開 Gerber 繪製檔案...> -> <打開 Gerber 轉列檔案...>
[23279:msgstr] <在新層上打開 Gerber 繪製檔案。> -> <在新層上打開 Gerber 轉列檔案。>
[23295:msgstr] <打開 Gerber job 檔案及其關聯的 Gerber 繪製檔案> -> <打開 Gerber job 檔案及其關聯的 Gerber 轉列檔案>
[23335:msgstr] <將數據匯出為 KiCad PCB 檔案> -> <將資料匯出為 KiCad PCB 檔案>
[23352:msgstr] <清除所有層, 所有數據將被刪除> -> <清除所有層, 所有資料將被刪除>
[23360:msgstr] <重新載入所有層。將重新載入所有數據> -> <重新載入所有層。將重新載入所有資料>
[23408:msgstr] <在輪廓模式下顯示線> -> <在設定檔簡圖下顯示線>
[23416:msgstr] <在輪廓模式下顯示焊盤> -> <在設定檔簡圖下顯示焊盤>
[23424:msgstr] <在輪廓模式下顯示多邊形> -> <在設定檔簡圖下顯示多邊形>
[23444:msgstr] <以差異模式顯示> -> <以差異簡圖顯示>
[23448:msgstr] <以差異比較模式顯示層> -> <以差異比較簡圖顯示層>
[23452:msgstr] <以 XOR 模式顯示> -> <以 XOR 簡圖顯示>
[23456:msgstr] <以獨佔或比較模式顯示層> -> <以獨佔或比較簡圖顯示層>
[23460:msgstr] <翻轉 Gerber 視圖> -> <翻轉 Gerber 視野>
[23468:msgstr] <Gerber 層沒有包含數據> -> <Gerber 層沒有包含資料>
[23540:msgstr] <顯示圖紙邊框和工程明細表> -> <顯示圖紙邊界和工程明細表>
[23548:msgstr] <PCB 背景> -> <PCB 後台>
[23571:msgstr] <X2 模式整理層> -> <X2 簡圖整理層>
[23575:msgstr] <根據檔案擴展名對層進行排序> -> <根據檔案延伸名對層進行排序>
[23579:msgstr] <層顯示參數: 偏移和旋轉> -> <層顯示參數: 偏差和旋轉>
[23622:msgstr] <格式錯誤的表達式> -> <格式錯誤的表式>
[23630:msgstr] <無法訪問 Lock 檔案> -> <無法存取 Lock 檔案>
[23634:msgstr] <將所有快捷鍵設置為 KiCad 的默認值> -> <將所有捷徑鍵設置為 KiCad 的默認值>
[23666:msgstr] <未能輸出數據> -> <未能輸出資料>
[23701:msgstr] <顯示幫助資訊並退出> -> <顯示幫助資訊聯合退出>
[23725:msgstr] <封裝庫不存在或無法訪問\n> -> <封裝庫不存在或無法存取\n>
[23737:msgstr] <在 PCB 上運行設計規則檢查 (DRC) 並創建報告> -> <在 PCB 上運行設計規則檢查 (DRC) 聯合創建報表>
[23745:msgstr] <報告所有走線的所有錯誤> -> <報表所有走線的所有錯誤>
[23753:msgstr] <報告單位, 有效選項: in, mm, mils> -> <報表單位, 有效選項: in, mm, mils>
[23759:msgstr] <報告所有 DRC 違規, 相當於使用所有違規嚴重級別參數> -> <報表所有 DRC 違規, 相當於使用所有違規嚴重級別參數>
[23765:msgstr] <報告所有錯誤級別的 DRC 違規, 可以與其他違規嚴重級別參數結合使用> -> <報表所有錯誤級別的 DRC 違規, 可以與其他違規嚴重級別參數結合使用>
[23771:msgstr] <報告所有警告級別的 DRC 違規, 可以與其他違規嚴重級別參數結合使用> -> <報表所有警告級別的 DRC 違規, 可以與其他違規嚴重級別參數結合使用>
[23777:msgstr] <報告所有已被排除的 DRC 違規行為, 可以與其他違規嚴重級別參數結合使用> -> <報表所有已被排除的 DRC 違規行為, 可以與其他違規嚴重級別參數結合使用>
[23792:msgstr] <無效的報告格式\n> -> <無效的報表格式\n>
[23835:msgstr] <不在 PCB 中進行繪製> -> <不在 PCB 中進行轉列>
[23985:msgstr] <指定的原點模式無效\n> -> <指定的原點簡圖無效\n>
[24000:msgstr] <排除位號文本> -> <排除位號正文>
[24006:msgstr] <排除值文本> -> <排除值正文>
[24011:msgstr] <使用輪廓繪製圖形項目> -> <使用設定檔轉列圖形項目>
[24017:msgstr] <包括邊框和標題塊> -> <包括邊界和標題塊>
[24030:msgstr] <電路板檔案不存在或無法訪問\n> -> <電路板檔案不存在或無法存取\n>
[24034:msgstr] <為指定層繪製獨立的 Gerber 檔案> -> <為指定層轉列獨立的 Gerber 檔案>
[24065:msgstr] <使用 KiCad Gerber 檔案擴展名> -> <使用 KiCad Gerber 檔案延伸名>
[24071:msgstr] <為單個 PCB 繪製多個 Gerber, 並將電路板繪製設置參數包含在其中> -> <為單個 PCB 轉列多個 Gerber, 聯合將電路板轉列設置參數包含在其中>
[24182:msgstr] <在 3D 視圖中渲染 PCB 並匯出為 PNG 或 JPEG 圖像> -> <在 3D 視野中渲染 PCB 聯合匯出為 PNG 或 JPEG 影像>
[24186:msgstr] <圖像寬度> -> <影像寬度>
[24190:msgstr] <圖像高度> -> <影像高度>
[24201:msgstr] <圖像背景。選項: 透明, 不透明。默認: PNG 為透明, JPEG 為不透明> -> <影像後台。選項: 透明, 不透明。默認: PNG 為透明, JPEG 為不透明>
[24229:msgstr] <平移攝像機, 格式為 'X,Y,Z', 例如: '3,0,0'> -> <位移攝像機, 格式為 'X,Y,Z', 例如: '3,0,0'>
[24240:msgstr] <旋轉電路板, 格式為 'X,Y,Z', 例如: '-45,0,45' (isometic 視圖)> -> <旋轉電路板, 格式為 'X,Y,Z', 例如: '-45,0,45' (isometic 視野)>
[24244:msgstr] <無效的背景\n> -> <無效的後台\n>
[24252:msgstr] <無效平移格式\n> -> <無效位移格式\n>
[24260:msgstr] <無效的圖像格式\n> -> <無效的影像格式\n>
[24269:msgstr] <在原理圖上運行電氣規則檢查 (ERC) 並創建報告> -> <在原理圖上運行電氣規則檢查 (ERC) 聯合創建報表>
[24275:msgstr] <報告所有 ERC 違規, 相當於使用所有違規嚴重級別參數> -> <報表所有 ERC 違規, 相當於使用所有違規嚴重級別參數>
[24281:msgstr] <報告所有錯誤級別的 ERC 違規, 可以與其他違規嚴重級別參數結合使用> -> <報表所有錯誤級別的 ERC 違規, 可以與其他違規嚴重級別參數結合使用>
[24287:msgstr] <報告所有警告級別的 ERC 違規, 可以與其他違規嚴重級別參數結合使用> -> <報表所有警告級別的 ERC 違規, 可以與其他違規嚴重級別參數結合使用>
[24293:msgstr] <報告所有已被排除的 ERC 違規, 可以與其他違規嚴重級別參數結合使用> -> <報表所有已被排除的 ERC 違規, 可以與其他違規嚴重級別參數結合使用>
[24312:msgstr] <原理圖檔案不存在或無法訪問\n> -> <原理圖檔案不存在或無法存取\n>
[24336:msgstr] <不從 AUTHOR 和 SUBJECT 變量生成 PDF 元數據> -> <不從 AUTHOR 和 SUBJECT 變數生成 PDF 元資料>
[24340:msgstr] <避免設置背景色 (無論什麼主題)> -> <避免設置後台色 (無論什麼主題)>
[24350:msgstr] <畫筆大小[mm]> -> <繪圖軟體、塗抹刷大小[mm]>
[24364:msgstr] <在原理圖編輯器中使用 Python 腳本匯出舊版的 BOM XML 格式> -> <在原理圖編輯器中使用 Python 手跡匯出舊版的 BOM XML 格式>
[24392:msgstr] <符號檔案不存在或無法訪問\n> -> <符號檔案不存在或無法存取\n>
[24404:msgstr] <符號庫不存在或無法訪問\n> -> <符號庫不存在或無法存取\n>
[24408:msgstr] <以各種格式報告版本資訊> -> <以各種格式報表版本資訊>
[24492:msgstr] <預覽 Gerber 檔案> -> <預視 Gerber 檔案>
[24496:msgstr] <將位圖圖像轉換為原理符號或 PCB 封裝> -> <將位元映射影像轉換為原理符號或 PCB 封裝>
[24506:msgstr] <編輯用於原理圖和 PCB 設計的圖紙邊框和工程明細表> -> <編輯用於原理圖和 PCB 設計的圖紙邊界和工程明細表>
[24510:msgstr] <管理從 KiCad 和第三方倉庫下載的擴展內容包> -> <管理從 KiCad 和第三方倉庫下載的延伸內容包>
[24643:msgstr] <打印版本資訊並退出> -> <打印版本資訊聯合退出>
[24655:msgstr] <有可用的 擴展內容包 更新> -> <有可用的 延伸內容包 更新>
[24660:msgstr] <%d 擴展內容包可更新> -> <%d 延伸內容包可更新>
[24664:msgstr] <在文本編輯器中編輯> -> <在正文編輯器中編輯>
[24738:msgstr] <選擇一個 Zip 工程檔案, 並解壓縮> -> <選擇一個 Zip 工程檔案, 聯合解壓縮>
[24754:msgstr] <在文本編輯器中編輯本地檔案> -> <在正文編輯器中編輯本地檔案>
[24798:msgstr] <插件 (%d)> -> <插入 (%d)>
[24813:msgstr] <你確定要將固定擴展內容包從版本 %s 更新到 %s 嗎?> -> <你確定要將固定延伸內容包從版本 %s 更新到 %s 嗎?>
[24817:msgstr] <確認更新> -> <應答更新>
[24853:msgstr] <您確定要關閉擴展內容包管理器並放棄掛起的變更嗎?> -> <您確定要關閉延伸內容包管理器聯合放棄掛起的變更嗎?>
[24857:msgstr] <安裝擴展內容包> -> <安裝延伸內容包>
[24877:msgstr] <擴展內容包> -> <延伸內容包>
[24885:msgstr] <放棄操作> -> <放棄作業>
[24893:msgstr] <打開擴展內容包目錄> -> <打開延伸內容包目錄>
[24897:msgstr] <擴展內容管理器> -> <延伸內容管理器>
[24926:msgstr] <應用擴展內容包變更> -> <應用延伸內容包變更>
[24930:msgstr] <固定擴展內容包> -> <固定延伸內容包>
[24952:msgstr] <元數據> -> <元資料>
[24956:msgstr] <擴展內容包標識符: > -> <延伸內容包識別符: >
[24980:msgstr] <未指定擴展內容包下載地址> -> <未指定延伸內容包下載位址>
[24984:msgstr] <下載擴展內容包時出錯> -> <下載延伸內容包時出錯>
[24988:msgstr] <保存擴展內容包> -> <保存延伸內容包>
[24992:msgstr] <正在下載擴展內容包> -> <正在下載延伸內容包>
[24998:msgstr] <無法驗證下載的擴展內容包的完整性, HASH 值不匹配。您確定要保留此檔案嗎?> -> <無法驗證下載的延伸內容包的完整性, HASH 值不匹配。您確定要保留此檔案嗎?>
[25009:msgstr] <此擴展內容包版本與您的 KiCad 版本或操作系統不相容。您確定要安裝它嗎?> -> <此延伸內容包版本與您的 KiCad 版本或作業集（合）統不相容。您確定要安裝它嗎?>
[25014:msgstr] <安裝擴展內容包> -> <安裝延伸內容包>
[25057:msgstr] <載入已安裝擴展內容包列表時出錯: %s> -> <載入已安裝延伸內容包列表時出錯: %s>
[25089:msgstr] <正在提取倉庫擴展內容包> -> <正在提取倉庫延伸內容包>
[25093:msgstr] <無法載入倉庫擴展內容包 URL。> -> <無法載入倉庫延伸內容包 URL。>
[25097:msgstr] <擴展內容包 HASH 不匹配。倉庫可能已損壞。> -> <延伸內容包 HASH 不匹配。倉庫可能已損壞。>
[25112:msgstr] <無法解析本地存儲的倉庫.json。> -> <無法解析本地儲存的倉庫.json。>
[25117:msgstr] <當前倉庫的擴展內容包快取已損壞, 將重新下載擴展內容包。> -> <當前倉庫的延伸內容包快取已損壞, 將重新下載延伸內容包。>
[25135:msgstr] <擴展內容包更新> -> <延伸內容包更新>
[25147:msgstr] <檢查擴展內容包...> -> <檢查延伸內容包...>
[25152:msgstr] <找不到擴展內容包 %s 的 %s 版本!> -> <找不到延伸內容包 %s 的 %s 版本!>
[25161:msgstr] <下載擴展內容包地址: '%s'> -> <下載延伸內容包位址: '%s'>
[25185:msgstr] <移除先前版本的擴展內容包 '%s'。> -> <移除先前版本的延伸內容包 '%s'。>
[25190:msgstr] <正在安裝擴展內容包 '%s'。> -> <正在安裝延伸內容包 '%s'。>
[25194:msgstr] <正在中止擴展內容包安裝。> -> <正在中止延伸內容包安裝。>
[25213:msgstr] <壓縮包元數據必須定義一個版本> -> <壓縮包元資料必須定義一個版本>
[25220:msgstr] <已安裝標識符為 %s 的擴展內容包。是否將其更新為所選檔案中的版本?> -> <已安裝識別符為 %s 的延伸內容包。是否將其更新為所選檔案中的版本?>
[25224:msgstr] <更新擴展內容包> -> <更新延伸內容包>
[25239:msgstr] <已卸載擴展內容包 %s> -> <已卸載延伸內容包 %s>
[25244:msgstr] <%d 個操作中有 %d 個失敗。> -> <%d 個作業中有 %d 個失敗。>
[25248:msgstr] <所有操作已順利完成。> -> <所有作業已順利完成。>
[25253:msgstr] <已初始化 %d 個操作中的 %d 個, 但未成功。> -> <已初始化 %d 個作業中的 %d 個, 但未成功。>
[25332:msgstr] <在\"訪達\"窗口中顯示目錄> -> <在\"訪達\"視窗中顯示目錄>
[25340:msgstr] <在默認系統檔案管理器中打開目錄> -> <在默認集（合）統檔案管理器中打開目錄>
[25344:msgstr] <在\"訪達\"窗口中顯示目錄> -> <在\"訪達\"視窗中顯示目錄>
[25352:msgstr] <在默認系統檔案管理器中打開目錄> -> <在默認集（合）統檔案管理器中打開目錄>
[25356:msgstr] <在文本編輯器打開檔案> -> <在正文編輯器打開檔案>
[25360:msgstr] <在文本編輯器中打開檔案> -> <在正文編輯器中打開檔案>
[25364:msgstr] <在文本編輯器中編輯> -> <在正文編輯器中編輯>
[25490:msgstr] <獲取遠程數據> -> <獲取遠程資料>
[25555:msgstr] <無法搜索樹: %s> -> <無法搜尋樹: %s>
[25570:msgstr] <無法創建作者簽名: %s> -> <無法創建作者簽章: %s>
[25603:msgstr] <打開演示工程...> -> <打開示範工程...>
[25607:msgstr] <打開一個演示工程> -> <打開一個示範工程>
[25631:msgstr] <編輯原理圖符號> -> <編輯原理圖示號>
[25643:msgstr] <預覽 Gerber 輸出檔案> -> <預視 Gerber 輸出檔案>
[25647:msgstr] <將位圖圖像轉換為原理圖或 PCB 元件> -> <將位元映射影像轉換為原理圖或 PCB 元件>
[25663:msgstr] <編輯圖紙邊框和工程明細表> -> <編輯圖紙邊界和工程明細表>
[25667:msgstr] <運行擴展內容管理器> -> <運行延伸內容管理器>
[25671:msgstr] <打開文本編輯器> -> <打開正文編輯器>
[25675:msgstr] <啟動首選文本編輯器> -> <啟動首選正文編輯器>
[25706:msgstr] <系統模板> -> <集（合）統模板>
[25776:msgstr] <應用程序載入失敗:\n> -> <應用程式載入失敗:\n>
[25780:msgstr] <應用程序無法啟動。> -> <應用程式無法啟動。>
[25793:msgstr] <無法解析更新響應: %s> -> <無法解析更新回應: %s>
[25806:msgstr] <佈局> -> <布局>
[25882:msgstr] <預設關鍵字> -> <預設關鍵字組>
[25886:msgstr] <文本可以包含關鍵字。> -> <正文可以包含關鍵字組。>
[25890:msgstr] <關鍵字符號為 ${keyword}> -> <關鍵字組符號為 ${keyword}>
[25894:msgstr] <每個關鍵字被其值替換> -> <每個關鍵字組被其值更換>
[25898:msgstr] <這些內置的關鍵字總是可用的:> -> <這些內置的關鍵字組總是可用的:>
[25930:msgstr] <文本寬度:> -> <正文寬度:>
[25938:msgstr] <文本高度:> -> <正文高度:>
[25976:msgstr] <位圖 DPI:> -> <位元映射 DPI:>
[25988:msgstr] <步驟文本:> -> <步驟正文:>
[25992:msgstr] <每次重複時要按其步進文本的字符數或位數。> -> <每次重複時要按其步進正文的字組符數或位數。>
[26028:msgstr] <文本線寬:> -> <正文線寬:>
[26091:msgstr] <佈局檔案為唯讀。> -> <布局檔案為唯讀。>
[26103:msgstr] <初始化打印機資訊出現錯誤> -> <初始化列印機資訊出現錯誤>
[26184:msgstr] <添加位圖> -> <添加位元映射>
[26188:msgstr] <添加一張位圖圖像> -> <添加一張位元映射影像>
[26208:msgstr] <圖紙預覽設置...> -> <圖紙預視設置...>
[26212:msgstr] <編輯圖紙大小和標題塊的預覽數據> -> <編輯圖紙大小和標題塊的預視資料>
[26216:msgstr] <在預覽模式下顯示標題欄> -> <在預視簡圖下顯示標題欄>
[26220:msgstr] <文本佔位符將被替換為預覽數據> -> <正文佔位將被更換為預視資料>
[26224:msgstr] <在編輯模式下顯示標題欄> -> <在編輯簡圖下顯示標題欄>
[26228:msgstr] <文本佔位符顯示為 ${keyword} 標記> -> <正文佔位顯示為 ${keyword} 標記>
[26232:msgstr] <將對象寫入剪貼板時出錯> -> <將對象寫入剪輯板時出錯>
[26666:msgstr] <誤差> -> <錯誤>
[26698:msgstr] <低壓供電系統內設備的絕緣材料> -> <低壓供電集（合）統內設備的絕緣材料>
[26941:msgstr] <當電壓有效值低於 1000V 時, 印刷線路材料可從減少爬電距離中受益> -> <當電壓有效值低於 1000V 時, 印刷列材料可從減少爬電距離中受益>
[27312:msgstr] <誤差:> -> <錯誤:>
[27324:msgstr] <PCB 計算器數據檔案> -> <PCB 計算器資料檔案>
[27328:msgstr] <選擇 PCB 計算器數據檔案> -> <選擇 PCB 計算器資料檔案>
[27332:msgstr] <你要載入該檔案, 並替換穩流器列表嗎?> -> <你要載入該檔案, 聯合更換穩流器列表嗎?>
[27337:msgstr] <無法讀取數據檔案 '%s'。> -> <無法讀取資料檔案 '%s'。>
[27406:msgstr] <穩壓器數據檔案:> -> <穩壓器資料檔案:>
[27410:msgstr] <存儲已知穩壓器屬性數據檔案名稱。> -> <儲存已知穩壓器屬性資料檔案名稱。>
[27508:msgstr] <複製到剪貼板> -> <複製到剪輯板>
[27911:msgstr] <貫孔的頂視圖> -> <貫孔的頂視野>
[27923:msgstr] <介質中的波長:> -> <媒體中的波長:>
[27927:msgstr] <介質中速度:> -> <媒體中速度:>
[27947:msgstr] <數據檔案錯誤。> -> <資料檔案錯誤。>
[28078:msgstr] <通用系統設計> -> <通用集（合）統設計>
[28126:msgstr] <E 系列> -> <E 集（合）列>
[28142:msgstr] <寫入數據失敗> -> <寫入資料失敗>
[28250:msgstr] <介質損耗因數> -> <媒體損耗因數>
[28390:msgstr] <線路長度> -> <列長度>
[28426:msgstr] <TE-模式:> -> <TE-簡圖:>
[28431:msgstr] <TM-模式:> -> <TM-簡圖:>
[28511:msgstr] <奇模阻抗 (由通用電壓的線路驅動)> -> <奇模阻抗 (由通用電壓的列驅動)>
[28740:msgstr] <介質 %d> -> <媒體 %d>
[28805:msgstr] <電介質材料特性> -> <電媒體材料特性>
[28860:msgstr] <鎖定所有介質層厚度> -> <鎖定所有媒體層厚度>
[28869:msgstr] <添加介質層> -> <添加媒體層>
[28883:msgstr] <移除介質層> -> <移除媒體層>
[29002:msgstr] <調整電介質厚度> -> <調整電媒體厚度>
[29186:msgstr] <未知的清理操作> -> <未知的清理作業>
[29205:msgstr] <(不支持多電路板輪廓)> -> <(不支持多電路板設定檔)>
[29513:msgstr] <在變更列表中找不到模塊> -> <在變更列表中找不到模組>
[29596:msgstr] <頂層的起始位號。> -> <頂層的起始位元號。>
[29610:msgstr] <不填寫則從頂層位號繼續, 或輸入大於頂層位號最大的數字。> -> <不填寫則從頂層位號繼續, 或輸入大於頂層位號最大的數字組。>
[29616:msgstr] <不填寫或為零, 或輸入一個大於頂層位號最大的數字。> -> <不填寫或為零, 或輸入一個大於頂層位號最大的數字組。>
[29715:msgstr] <文本與圖形> -> <正文與圖形>
[29736:msgstr] <長度調整模式> -> <長度調整簡圖>
[29934:msgstr] <生成報告檔案...> -> <生成報表檔案...>
[30034:msgstr] <合併已對齊的走線段, 並移除空段> -> <合併已調正的走線段, 聯合移除空段>
[30157:msgstr] <覆銅優先級:> -> <覆銅優先:>
[30176:msgstr] <邊框顯示:> -> <邊界顯示:>
[30197:msgstr] <邊框陰影線間距:> -> <邊界陰影線間距:>
[30407:msgstr] <除 IOSQXY 以外的英文字母> -> <除 IOSQXY 以外的英文字組母>
[30411:msgstr] <全部英文字母> -> <全部英文字組母>
[30416:msgstr] <%s 的值不是有效的數字: %s> -> <%s 的值不是有效的數字組: %s>
[30423:msgstr] <無法確定從 \"%s\" 開始的編號: 期望值與字母表 \"%s\" 一致。> -> <無法確定從 \"%s\" 開始的編號: 期望值與字組符 \"%s\" 一致。>
[30492:msgstr] <水平偏移:> -> <水平偏差:>
[30496:msgstr] <下一行位置的偏移量。> -> <下一行位置的偏差量。>
[30500:msgstr] <垂直偏移:> -> <垂直偏差:>
[30504:msgstr] <下一列位置的偏移量> -> <下一列位置的偏差量>
[30596:msgstr] <要創建副本的選中項目或組的位置> -> <要創建複製的選中項目或組的位置>
[30726:msgstr] <文本框架:> -> <正文框架:>
[30731:msgstr] <在引線文本週圍繪製形狀> -> <在引線正文週圍轉列形狀>
[30765:msgstr] <選中後, 實際測量值將被忽略, 並且可以輸入任何值> -> <選中後, 實際測量值將被忽略, 聯合且可以輸入任何值>
[30786:msgstr] <要在測量標註值之前打印的文本> -> <要在測量標註值之前打印的正文>
[30816:msgstr] <要在測量標註值之後打印的文本> -> <要在測量標註值之後打印的正文>
[30897:msgstr] <測量標註文本> -> <測量標註正文>
[30904:msgstr] <文本寬度> -> <正文寬度>
[30909:msgstr] <文本位置 X> -> <正文位置 X>
[30916:msgstr] <文本高度> -> <正文高度>
[30921:msgstr] <文本位置 Y> -> <正文位置 Y>
[30936:msgstr] <文本線寬> -> <正文線寬>
[30942:msgstr] <文本方向> -> <正文方向>
[30964:msgstr] <位置模式:> -> <位置簡圖:>
[30982:msgstr] <選擇文本相對於測量標註線的定位方式> -> <選擇正文相對於測量標註線的定位方式>
[30986:msgstr] <與測量標註保持對齊> -> <與測量標註保持調正>
[30990:msgstr] <自動設置文本方向以匹配測量標註線> -> <自動設置正文方向以匹配測量標註線>
[31008:msgstr] <尺寸界線偏移:> -> <尺寸界線偏差:>
[31067:msgstr] <打開\"電路板設置...\"對話框> -> <打開\"電路板設置...\"DIALOG集（合）統、對話、交談框>
[31072:msgstr] <創建報告檔案 '%s' <br>> -> <創建報表檔案 '%s' <br>>
[31102:msgstr] <原理圖一致性 (%s)> -> <原理圖一致 (%s)>
[31110:msgstr] <焊盤名稱僅限於4個字符 (包含數字)。> -> <焊盤名稱僅限於4個字組符 (包含數字組)。>
[31130:msgstr] <替換封裝> -> <更換封裝>
[31134:msgstr] <替換 PCB 上的所有封裝> -> <更換 PCB 上的所有封裝>
[31138:msgstr] <替換已選封裝> -> <更換已選封裝>
[31142:msgstr] <替換此位號對應的封裝:> -> <更換此位號對應的封裝:>
[31146:msgstr] <替換具有這個值的封裝:> -> <更換具有這個值的封裝:>
[31150:msgstr] <替換具有此庫索引值 的封裝:> -> <更換具有此庫索引值 的封裝:>
[31154:msgstr] <更新文本層和可見性> -> <更新正文層和可見性>
[31158:msgstr] <更新文本大小, 樣式和位置> -> <更新正文大小, 式樣和位置>
[31226:msgstr] <移除在來源庫封裝中不存在的文本項目> -> <移除在來源庫封裝中不存在的正文項目>
[31230:msgstr] <更新/重置文本層和可見性> -> <更新/重置正文層和可見性>
[31234:msgstr] <更新/重置文本大小, 樣式和位置> -> <更新/重置正文大小, 式樣和位置>
[31389:msgstr] <輸出單元> -> <輸出單位>
[31410:msgstr] <STEP 匯出失敗! 請保存 PCB 並再次嘗試> -> <STEP 匯出失敗! 請保存 PCB 聯合再次嘗試>
[31494:msgstr] <替換命名相似的模型> -> <更換命名相似的模型>
[31498:msgstr] <將VRML模型替換為同名的STEP模型> -> <將VRML模型更換為同名的STEP模型>
[31589:msgstr] <支持包含通配符的文本> -> <支持包含通配符的正文>
[31598:msgstr] <電路板邊框公差:> -> <電路板邊界公差:>
[31616:msgstr] <當構建電路板邊框時, 公差設定了兩個被視為聯結的點的距離。> -> <當構建電路板邊界時, 公差設定了兩個被視為聯結的點的距離。>
[31658:msgstr] <無法將繪製檔案寫入資料夾 '%s'。> -> <無法將轉列檔案寫入資料夾 '%s'。>
[31672:msgstr] <打印模式> -> <打印簡圖>
[31676:msgstr] <匯出為白色背景上的黑色元素> -> <匯出為白色後台上的黑色元素>
[31710:msgstr] <在所有頁面上打印電路板邊框> -> <在所有頁面上打印電路板邊界>
[31728:msgstr] <保存 VRML 線路板檔案> -> <保存 VRML 列板檔案>
[31784:msgstr] <包含文本項目 (&E)> -> <包含正文項目 (&E)>
[31800:msgstr] <包含電路板邊框層 (&B)> -> <包含電路板邊界層 (&B)>
[31816:msgstr] <搜索中...> -> <搜尋中...>
[31843:msgstr] <搜索:> -> <搜尋:>
[31851:msgstr] <循環> -> <迴路>
[31855:msgstr] <搜索封裝位號> -> <搜尋封裝位號>
[31859:msgstr] <搜索封裝值> -> <搜尋封裝值>
[31863:msgstr] <搜索其他文本項目> -> <搜尋其他正文項目>
[31867:msgstr] <搜索 DRC 標記> -> <搜尋 DRC 標記>
[31871:msgstr] <搜索網路名稱> -> <搜尋網路名稱>
[31875:msgstr] <重新搜索> -> <重新搜尋>
[31931:msgstr] <文本寬度必須至少為 %s。> -> <正文寬度必須至少為 %s。>
[31936:msgstr] <文本寬度不得超過 %s。> -> <正文寬度不得超過 %s。>
[31941:msgstr] <文本高度必須至少為 %s。> -> <正文高度必須至少為 %s。>
[31946:msgstr] <文本高度不得超過 %s。> -> <正文高度不得超過 %s。>
[31967:msgstr] <文本項目> -> <正文項目>
[31980:msgstr] <X 偏移> -> <X 偏差>
[31986:msgstr] <Y 偏移> -> <Y 偏差>
[32053:msgstr] <替換封裝...> -> <更換封裝...>
[32090:msgstr] <阻焊層擴展:> -> <阻焊層延伸:>
[32202:msgstr] <當前已經分配了庫 ID 和封裝 ID。使用 \"替換封裝…\" 來分配不同的封裝。> -> <當前已經分配了庫 ID 和封裝 ID。使用 \"更換封裝…\" 來分配不同的封裝。>
[32224:msgstr] <文本寬度範圍必須在 %s 和 %s。> -> <正文寬度範圍必須在 %s 和 %s。>
[32229:msgstr] <文本高度範圍必須在 %s 和 %s。> -> <正文高度範圍必須在 %s 和 %s。>
[32334:msgstr] <所有的封裝生成器腳本都已載入> -> <所有的封裝產生器手跡都已載入>
[32338:msgstr] <可用的封裝生成器> -> <可用的封裝產生器>
[32342:msgstr] <搜索路徑:> -> <搜尋路徑:>
[32346:msgstr] <沒有可載入的 Python 腳本:> -> <沒有可載入的 Python 手跡:>
[32354:msgstr] <更新 Python 模塊> -> <更新 Python 模組>
[32362:msgstr] <追溯 Python 腳本錯誤> -> <追溯 Python 手跡錯誤>
[32416:msgstr] <封裝報告> -> <封裝報表>
[32456:msgstr] <包括電路板邊框層> -> <包括電路板邊界層>
[32509:msgstr] <保存鑽孔報告檔案> -> <保存鑽孔報表檔案>
[32558:msgstr] <使用備選鑽孔模式> -> <使用備選鑽孔簡圖>
[32562:msgstr] <橢圓孔鑽孔模式> -> <橢圓孔鑽孔簡圖>
[32633:msgstr] <選擇 EXCELLON 數字符號> -> <選擇 EXCELLON 數字組符號>
[32684:msgstr] <(指定多個項目, 並用空格隔開以進行連續放置)> -> <(指定多個項目, 聯合用空間隔開以進行連續放置)>
[32710:msgstr] <電路板邊框> -> <電路板邊界>
[33006:msgstr] <其他文本項目> -> <其他正文項目>
[33064:msgstr] <文本寬度> -> <正文寬度>
[33072:msgstr] <文本高度> -> <正文高度>
[33080:msgstr] <文本線寬> -> <正文線寬>
[33097:msgstr] <其他封裝文本項目> -> <其他封裝正文項目>
[33113:msgstr] <PCB 文本項目> -> <PCB 正文項目>
[33221:msgstr] <載入並測試網表> -> <載入聯合測試網表>
[33261:msgstr] <使用元件時間戳 (唯一ID) 鏈接封裝> -> <使用元件時間戳 (唯一ID) 鍊接封裝>
[33265:msgstr] <使用位號鏈接封裝> -> <使用位號鍊接封裝>
[33269:msgstr] <鏈接方法> -> <鍊接方法>
[33286:msgstr] <將封裝替換為網表中指定的封裝> -> <將封裝更換為網表中指定的封裝>
[33291:msgstr] <強制刪除/替換封裝 (無論是否已鎖定)> -> <強制刪除/更換封裝 (無論是否已鎖定)>
[33312:msgstr] <文本與圖形默認屬性> -> <正文與圖形默認屬性>
[33316:msgstr] <文本與圖形格式> -> <正文與圖形格式>
[33332:msgstr] <長度調整模式默認值> -> <長度調整簡圖默認值>
[33477:msgstr] <輪廓樣式:> -> <設定檔式樣:>
[33829:msgstr] <形狀與孔的偏移> -> <形狀與孔的偏差>
[34063:msgstr] <在草圖模式下預覽焊盤> -> <在草圖簡圖下預視焊盤>
[34067:msgstr] <在所有層上繪製> -> <在所有層上轉列>
[34108:msgstr] <HPGL 畫筆大小限制。> -> <HPGL 繪圖軟體、塗抹刷大小限制。>
[34127:msgstr] <沒有選擇層, 無法繪製> -> <沒有選擇層, 無法轉列>
[34139:msgstr] <繪製格式:> -> <轉列格式:>
[34153:msgstr] <繪製封裝值> -> <轉列封裝值>
[34157:msgstr] <繪製位號> -> <轉列位號>
[34161:msgstr] <繪製封裝文本> -> <轉列封裝正文>
[34165:msgstr] <強制繪製隱藏的值或參考> -> <強制轉列隱藏的值或參考>
[34169:msgstr] <強制繪製隱藏的封裝值或位號> -> <強制轉列隱藏的封裝值或位號>
[34177:msgstr] <繪圖時在 F.Fab 和 B.Fab 層上包括焊盤輪廓> -> <繪圖時在 F.Fab 和 B.Fab 層上包括焊盤設定檔>
[34226:msgstr] <繪製模式:> -> <轉列簡圖:>
[34235:msgstr] <使用鑽孔/拾放檔案原點作為繪製檔案的座標原點> -> <使用鑽孔/拾放檔案原點作為轉列檔案的座標原點>
[34239:msgstr] <鏡像繪製> -> <鏡像轉列>
[34243:msgstr] <負片繪製> -> <負片轉列>
[34253:msgstr] <大多數電路板製造商期望 0 並使用自己的阻焊層最小寬度約束。> -> <大多數電路板製造商期望 0 聯合使用自己的阻焊層最小寬度約束。>
[34269:msgstr] <使用 Protel Gerber 檔案擴展名> -> <使用 Protel Gerber 檔案延伸名>
[34351:msgstr] <默認畫筆大小:> -> <默認繪圖軟體、塗抹刷大小:>
[34359:msgstr] <X 比例因子:> -> <X 比例因數:>
[34367:msgstr] <Y 比例因子:> -> <Y 比例因數:>
[34399:msgstr] <取消選中以使用圖形項目的中心線繪製圖形項> -> <取消選中以使用圖形項目的中心線轉列圖形項>
[34411:msgstr] <使用 KiCad 字體繪製文本> -> <使用 KiCad 字組體轉列正文>
[34454:msgstr] <線路間隙必須大於 0。> -> <列間隙必須大於 0。>
[34473:msgstr] <貫孔間隙與線路間隙相同> -> <貫孔間隙與列間隙相同>
[34482:msgstr] <模式> -> <簡圖>
[34491:msgstr] <自由角度模式> -> <自由角度簡圖>
[34501:msgstr] <(僅限於高亮碰撞模式)- 即使違反 DRC 規則, 也允許建立走線連接。> -> <(僅限於高亮碰撞簡圖)- 即使違反 DRC 規則, 也允許建立走線連接。>
[34568:msgstr] <啟用後, 佈線器會嘗試將幾根線段合併成一根佈線 (拖動模式下)。> -> <啟用後, 佈線器會嘗試將幾根線段合併成一根佈線 (拖動簡圖下)。>
[34595:msgstr] <啟用時, 走線的形態將由鼠標從起始位置移動的方式來引導> -> <啟用時, 走線的形態將由鼠標從起始位元置移動的方式來引導>
[34624:msgstr] <從參考位置重置為當前 X 偏移。> -> <從參考位置重置為當前 X 偏差。>
[34628:msgstr] <從參考位置重置為當前 Y 偏移。> -> <從參考位置重置為當前 Y 偏差。>
[34784:msgstr] <參考圖像屬性> -> <參考影像屬性>
[34805:msgstr] <區域名稱:> -> <區領域名稱稱:>
[34939:msgstr] <編輯對齊目標> -> <編輯調正目標>
[34975:msgstr] <封裝文本屬性> -> <封裝正文屬性>
[34992:msgstr] <保持文本豎直> -> <保持正文豎直>
[35000:msgstr] <編輯文本框屬性> -> <編輯正文框屬性>
[35004:msgstr] <邊框樣式:> -> <邊界式樣:>
[35136:msgstr] <目標偏移: > -> <目標偏差: >
[35199:msgstr] <邊角樣式:> -> <邊角式樣:>
[35217:msgstr] <調整模式屬性> -> <調整簡圖屬性>
[35251:msgstr] <從電路板移除未鏈接到原理圖符號的且未鎖定封裝。> -> <從電路板移除未鍊接到原理圖示號的且未鎖定封裝。>
[35255:msgstr] <用原理圖中指定的封裝替換> -> <用原理圖中指定的封裝更換>
[35272:msgstr] <將操作約束為水平方向, 垂直方向或斜 45 度方向> -> <將作業約束為水平方向, 垂直方向或斜 45 度方向>
[35280:msgstr] <設置上下文菜單和快捷鍵中旋轉的增量 (以度為單位)。> -> <設置上下文菜單和捷徑鍵中旋轉的增量 (以度為單位)。>
[35284:msgstr] <弧線編輯模式:> -> <弧線編輯簡圖:>
[35300:msgstr] <拖動 (45 度模式)> -> <拖動 (45 度簡圖)>
[35349:msgstr] <當鼠標進入焊盤區域時捕獲光標> -> <當鼠標進入焊盤區域時捕獲游標>
[35363:msgstr] <當鼠標靠近走線時捕獲光標> -> <當鼠標靠近走線時捕獲游標>
[35372:msgstr] <當鼠標接近圖形控制點時捕獲光標> -> <當鼠標接近圖形控制點時捕獲游標>
[35389:msgstr] <繪製一個邊框來顯示頁面尺寸。> -> <轉列一個邊界來顯示頁面尺寸。>
[35401:msgstr] <如果勾選, 每次編輯操作後覆銅區域將重新填充> -> <如果勾選, 每次編輯作業後覆銅區域將重新填充>
[35462:msgstr] <新封裝的默認文本項目:> -> <新封裝的默認正文項目:>
[35476:msgstr] <非法字符 '%c' 在名稱 '%s'。> -> <非法字組符 '%c' 在名稱 '%s'。>
[35486:msgstr] <將 '%s' 另存為當前 KiCad 版本格式並替換表中的舊條目?> -> <將 '%s' 另存為當前 KiCad 版本格式聯合更換表中的舊條目?>
[35491:msgstr] <將 %d 箇舊格式庫另存為當前 KiCad 版本格式並替換表中的舊條目?> -> <將 %d 箇舊格式庫另存為當前 KiCad 版本格式聯合更換表中的舊條目?>
[35569:msgstr] <輪廓間距> -> <設定檔間距>
[35609:msgstr] <確保交叉探測封裝在當前視圖中可見> -> <確保交叉探測封裝在當前視野中可見>
[35617:msgstr] <自動刷新 3D 視圖> -> <自動再新 3D 視野>
[35649:msgstr] <打開插件目錄> -> <打開插入目錄>
[35653:msgstr] <重新載入插件> -> <重新載入插入>
[35657:msgstr] <顯示插件錯誤> -> <顯示插入錯誤>
[35862:msgstr] <最小文本高度:> -> <最小正文高度:>
[35866:msgstr] <最小文本線寬:> -> <最小正文線寬:>
[35905:msgstr] <允許圓角超出覆銅邊框> -> <允許圓角超出覆銅邊界>
[35938:msgstr] <將電路板默認設置應用於封裝文本> -> <將電路板默認設置應用於封裝正文>
[36446:msgstr] <電路板邊框層> -> <電路板邊界層>
[36450:msgstr] <電路板邊框> -> <電路板邊界>
[36485:msgstr] <開啟/關閉 文件繪圖層> -> <開啟/關閉 檔案繪圖層>
[36543:msgstr] <請使用板廠推薦的阻焊層擴展和最小阻焊橋寬(綠油橋寬)。> -> <請使用板廠推薦的阻焊層延伸和最小阻焊橋寬(綠油橋寬)。>
[36583:msgstr] <阻焊層開窗之間的最小距離。小於此距離的焊盤開窗將繪製為一個整體的開窗。> -> <阻焊層開窗之間的最小距離。小於此距離的焊盤開窗將轉列為一個整體的開窗。>
[36654:msgstr] <檢查規則語法> -> <檢查規則文法>
[37583:msgstr] <新建圖形或文本對象的默認屬性:> -> <新建圖形或正文對象的默認屬性:>
[37596:msgstr] <文字位置 :> -> <文字組位置 :>
[37600:msgstr] <測量標註文字相對於測量標註線的位置> -> <測量標註文字組相對於測量標註線的位置>
[37604:msgstr] <保持文本對齊> -> <保持正文調正>
[37608:msgstr] <選中後, 測量標註文本將與測量標註線保持對齊> -> <選中後, 測量標註正文將與測量標註線保持調正>
[37663:msgstr] <差分對走線偏移默認屬性:> -> <差分對走線偏差默認屬性:>
[37683:msgstr] <電路板設置中的 \"絲印文本高度\" 約束> -> <電路板設置中的 \"絲印正文高度\" 約束>
[37687:msgstr] <電路板設置中的 \"絲印文本線寬\" 約束> -> <電路板設置中的 \"絲印正文線寬\" 約束>
[37811:msgstr] <檢查 %s 最大偏移: %s。> -> <檢查 %s 最大偏差: %s。>
[38021:msgstr] <原理圖一致性檢驗> -> <原理圖一致檢驗>
[38045:msgstr] <Edge.Cuts 層上的文本 (或標註)> -> <Edge.Cuts 層上的正文 (或標註)>
[38145:msgstr] <電路板的邊框有錯誤> -> <電路板的邊界有錯誤>
[38189:msgstr] <被阻焊層截斷的絲印> -> <被阻焊層修剪的絲印>
[38193:msgstr] <被板邊截斷的絲印> -> <被板邊修剪的絲印>
[38201:msgstr] <文字高度超出範圍> -> <文字組高度超出範圍>
[38205:msgstr] <文本線寬超出範圍> -> <正文線寬超出範圍>
[38213:msgstr] <走線之間的偏移超出範圍> -> <走線之間的偏差超出範圍>
[38255:msgstr] <表達式錯誤。> -> <表式錯誤。>
[38271:msgstr] <關鍵字 '%s' 已廢棄。請使用 '%s' 替代。> -> <關鍵字組 '%s' 已廢棄。請使用 '%s' 替代。>
[38302:msgstr] <聲明不完整。> -> <宣告不完整。>
[38318:msgstr] <缺少條件表達式。> -> <缺少條件表式。>
[38323:msgstr] <無法識別的項目 '%s'。| 應為帶引號的表達式。> -> <無法識別的項目 '%s'。| 應為帶引號的表式。>
[38555:msgstr] <%s 存在 '阻焊擴展' 重寫。> -> <%s 存在 '阻焊延伸' 重寫。>
[38652:msgstr] <%s 個 '孔與形狀的偏移量' 差異。> -> <%s 個 '孔與形狀的偏差量' 差異。>
[38687:msgstr] <%s 個 '優先級' 差異。> -> <%s 個 '優先' 差異。>
[38792:msgstr] <%s 個 '輪廓邊角數量' 差異。> -> <%s 個 '設定檔邊角數量' 差異。>
[38805:msgstr] <'封裝關鍵字' 差異。> -> <'封裝關鍵字組' 差異。>
[38834:msgstr] <'阻焊擴展' 重寫。> -> <'阻焊延伸' 重寫。>
[38863:msgstr] <沒有載入工程, 跳過庫的一致性測試。> -> <沒有載入工程, 跳過庫的一致測試。>
[38891:msgstr] <(%s 最小偏移 %s; 實際 %s; 平均網路長度 %s; 實際 %s)> -> <(%s 最小偏差 %s; 實際 %s; 平均網路長度 %s; 實際 %s)>
[38896:msgstr] <(%s 最大偏移 %s; 實際偏移 %s; 平均網路長度 %s; 實際長度 %s)> -> <(%s 最大偏差 %s; 實際偏差 %s; 平均網路長度 %s; 實際長度 %s)>
[38934:msgstr] <(在 Edge.Cuts 層上找不到邊框)> -> <(在 Edge.Cuts 層上找不到邊界)>
[38943:msgstr] <正在檢查電路板邊框...> -> <正在檢查電路板邊界...>
[38951:msgstr] <正在檢查文本變量...> -> <正在檢查正文變數...>
[39044:msgstr] <正在檢查文本尺寸...> -> <正在檢查正文尺寸...>
[39058:msgstr] <(TrueType 字體字符的筆畫線寬不足)> -> <(TrueType 字組體字組符的筆畫線寬不足)>
[39131:msgstr] <PCB 輪廓異常, 請運行 DRC 來進行全面分析。> -> <PCB 設定檔異常, 請運行 DRC 來進行全面分析。>
[39140:msgstr] <VRML 匯出失敗: 輪廓上不能添加孔。> -> <VRML 匯出失敗: 設定檔上不能添加孔。>
[39172:msgstr] <確定 PCB 數據\n> -> <確定 PCB 資料\n>
[39177:msgstr] <構建 %s 數據\n> -> <構建 %s 資料\n>
[39255:msgstr] <顯示模型邊框> -> <顯示模型邊界>
[39495:msgstr] <文件: %s> -> <檔案: %s>
[39500:msgstr] <關鍵字: %s> -> <關鍵字組: %s>
[39626:msgstr] <區域連接樣式> -> <區域連接式樣>
[39639:msgstr] <在獨立窗口中打開 3D 查看器> -> <在獨立視窗中打開 3D 查看器>
[39830:msgstr] <封裝 '%s' 在 '%s' 中被替換> -> <封裝 '%s' 在 '%s' 中被更換>
[39868:msgstr] <封裝嚮導> -> <封裝精靈>
[39877:msgstr] <選擇嚮導腳本運行> -> <選擇精靈手跡運行>
[39881:msgstr] <重置嚮導參數為默認值> -> <重置精靈參數為默認值>
[39897:msgstr] <沒有嚮導選擇> -> <沒有精靈選擇>
[39901:msgstr] <無法重新載入封裝嚮導> -> <無法重新載入封裝精靈>
[39905:msgstr] <文件> -> <檔案>
[39944:msgstr] <當前偏移> -> <當前偏差>
[39970:msgstr] <目標偏移: %s> -> <目標偏差: %s>
[39980:msgstr] <偏移約束: %s> -> <偏差約束: %s>
[40017:msgstr] <差分對偏移> -> <差分對偏差>
[40025:msgstr] <調整模式> -> <調整簡圖>
[40053:msgstr] <目標偏移> -> <目標偏差>
[40123:msgstr] <當前電路板將丟失, 此操作無法撤消。繼續嗎?> -> <當前電路板將丟失, 此作業無法撤消。繼續嗎?>
[40131:msgstr] <剪貼板內容與 KiCad 不相容> -> <剪輯板內容與 KiCad 不相容>
[40164:msgstr] <從當前視圖創建一個 PNG 檔案> -> <從當前視野創建一個 PNG 檔案>
[40168:msgstr] <繪製模式 (&D)> -> <轉列簡圖 (&D)>
[40172:msgstr] <對比度模式 (&C)> -> <對比度簡圖 (&C)>
[40196:msgstr] <清除電路板並獲得 PCB 編輯器自動保存的上個救援檔案> -> <清除電路板聯合獲得 PCB 編輯器自動保存的上個救援檔案>
[40208:msgstr] <從其它應用程序中匯入板檔案> -> <從其它應用程式中匯入板檔案>
[40309:msgstr] <外部插件> -> <外部插入>
[40370:msgstr] <複合樣式> -> <複合式樣>
[40378:msgstr] <閱讀樣式描述檔案...> -> <閱讀式樣描述檔案...>
[40454:msgstr] <將 %s 的封裝從 '%s' 替換為 '%s'。> -> <將 %s 的封裝從 '%s' 更換為 '%s'。>
[40464:msgstr] <已將 %s 的封裝從 '%s' 替換為 '%s'。> -> <已將 %s 的封裝從 '%s' 更換為 '%s'。>
[40995:msgstr] <覆蓋文本> -> <覆蓋正文>
[41040:msgstr] <文本框> -> <正文框>
[41105:msgstr] <匯出 Hyperlynx 佈局> -> <匯出 Hyperlynx 布局>
[41109:msgstr] <違規報告> -> <違規報表>
[41113:msgstr] <間距報告> -> <間距報表>
[41117:msgstr] <約束報告> -> <約束報表>
[41145:msgstr] <%2$s 的數據手冊 %1$s> -> <%2$s 的資料手冊 %1$s>
[41158:msgstr] <生成器屬性> -> <產生器屬性>
[41186:msgstr] <未知模式字符串: '%s'。> -> <未知簡圖字組字組列: '%s'。>
[41191:msgstr] <未知的記錄名字符串: '%s'。> -> <未知的記錄名字組字組列: '%s'。>
[41196:msgstr] <未知得擴展基本元素資訊類型: '%s'。> -> <未知得延伸基本元素資訊類型: '%s'。>
[41201:msgstr] <Pads6 stream 中的 subrecord 6 數據的長度非法: %d。> -> <Pads6 stream 中的 subrecord 6 資料的長度非法: %d。>
[41254:msgstr] <正在載入擴展基本元素資訊數據...> -> <正在載入延伸基本元素資訊資料...>
[41258:msgstr] <正載入板數據...> -> <正載入板資料...>
[41345:msgstr] <忽略類型為 %d 的多邊形, 因為尚未實現。> -> <忽略類型為 %d 的多邊形, 因為尚未實施。>
[41546:msgstr] <正在載入 unicode 字符串...> -> <正在載入 unicode 字組字組列...>
[41550:msgstr] <載入文本中...> -> <載入正文中...>
[41677:msgstr] <層堆棧中的意外層 '%s'。> -> <層堆堆疊中的意外層 '%s'。>
[41740:msgstr] <找不到焊盤索引 '%d', 搜索範圍為封裝 '%s'。> -> <找不到焊盤索引 '%d', 搜尋範圍為封裝 '%s'。>
[41806:msgstr] <無法在庫中查找元件 '%s' (符號定義 ID: '%s')> -> <無法在庫中尋找元件 '%s' (符號定義 ID: '%s')>
[41811:msgstr] <無法在庫中查找文件符號 (符號定義 ID: '%s')> -> <無法在庫中尋找檔案符號 (符號定義 ID: '%s')>
[41921:msgstr] <由於未載入任何項目, 因此無法設置文本變量。> -> <由於未載入任何項目, 因此無法設置正文變數。>
[42032:msgstr] <<擴展內容包> '%s' 在 <庫> '%s' 中重複> -> <<延伸內容包> '%s' 在 <庫> '%s' 中重複>
[42037:msgstr] <庫 '%s' 中沒有擴展內容包 '%s'。> -> <庫 '%s' 中沒有延伸內容包 '%s'。>
[42048:msgstr] <忽略層 '%s' (%d) 上的多邊形: 輪廓數量不為 1> -> <忽略層 '%s' (%d) 上的多邊形: 設定檔數量不為 1>
[42070:msgstr] <忽略文本, 因為 Eagle 層 '%s' (%d) 未映射> -> <忽略正文, 因為 Eagle 層 '%s' (%d) 未映射>
[42153:msgstr] <找不到單元值, 默認為 Mils。> -> <找不到單位值, 默認為 Mils。>
[42192:msgstr] <期望焊盤偏移值, 但找到了%s : %s, 位於行 %zu。> -> <期望焊盤偏差值, 但找到了%s : %s, 位於行 %zu。>
[42202:msgstr] <ID 字符串 '%s' 的無效格式, 位於自定義焊盤行 %zu。> -> <ID 字組字組列 '%s' 的無效格式, 位於自定義焊盤行 %zu。>
[42223:msgstr] <這個 record_tag 字符串 '%s' 的無效格式位於行 %zu。> -> <這個 record_tag 字組字組列 '%s' 的無效格式位於行 %zu。>
[42239:msgstr] <ID %d 和序列 %d 的重複項位於行 %zu。> -> <ID %d 和順序 %d 的重複項位於行 %zu。>
[42260:msgstr] <期望蝕刻數據在銅層上。在層 '%s' 上找到行> -> <期望蝕刻資料在銅層上。在層 '%s' 上找到行>
[42379:msgstr] <模塊 '%s' 缺少 '$EndMODULE'。> -> <模組 '%s' 缺少 '$EndMODULE'。>
[42472:msgstr] <內部組數據錯誤> -> <內部組資料錯誤>
[42586:msgstr] <檔案 '%2$s' 中第 %3$d 行, 偏移量 %4$d 處的 NETCLASS 名稱 '%1$s' 重複。> -> <檔案 '%2$s' 中第 %3$d 行, 偏差量 %4$d 處的 NETCLASS 名稱 '%1$s' 重複。>
[42605:msgstr] <無法處理封裝文本類型 %s> -> <無法處理封裝正文類型 %s>
[42737:msgstr] <正則表達式 <b>封裝名稱</b> 篩選。> -> <正則表式 <b>封裝名稱</b> 篩選。>
[42747:msgstr] <<b>登錄</b>某特定庫服務器的用戶名。> -> <<b>登錄</b>某特定庫伺服器的用戶名。>
[42751:msgstr] <<b>登錄</b>某特定庫服務器的密碼。> -> <<b>登錄</b>某特定庫伺服器的凱撒加密法。>
[42756:msgstr] <輸入實現 PCB_IO::Footprint*() 功能的 python 模塊。> -> <輸入實施 PCB_IO::Footprint*() 功能的 python 模組。>
[42804:msgstr] <PCB 文本> -> <PCB 正文>
[42813:msgstr] <%2$s 上的封裝文本 '%1$s'> -> <%2$s 上的封裝正文 '%1$s'>
[42818:msgstr] <%2$s 上的 PCB文本 '%1$s'> -> <%2$s 上的 PCB正文 '%1$s'>
[42823:msgstr] <%2$s 上的 PCB 文本框 '%1$s'> -> <%2$s 上的 PCB 正文框 '%1$s'>
[42827:msgstr] <邊框屬性> -> <邊界屬性>
[42998:msgstr] <實際圖像大小: %dx%d> -> <實際影像大小: %dx%d>
[43002:msgstr] <已成功創建 3D 渲染圖像> -> <已成功創建 3D 渲染影像>
[43006:msgstr] <成功創建 3D 渲染圖像出錯> -> <成功創建 3D 渲染影像出錯>
[43019:msgstr] <無法繪製到 '%s'。\n> -> <無法轉列到 '%s'。\n>
[43027:msgstr] <封裝庫路徑不存在或無法訪問\n> -> <封裝庫路徑不存在或無法存取\n>
[43052:msgstr] <將封裝從 '%s' 繪製到 '%s'\n> -> <將封裝從 '%s' 轉列到 '%s'\n>
[43078:msgstr] <發現 %d 個原理圖一致性問題\n> -> <發現 %d 個原理圖一致問題\n>
[43083:msgstr] <無法將 DRC 報告保存到 %s\n> -> <無法將 DRC 報表保存到 %s\n>
[43088:msgstr] <保存 DRC 報告到 %s\n> -> <保存 DRC 報表到 %s\n>
[43100:msgstr] <Python 操作插件代碼異常> -> <Python 作業插入代碼異常>
[43106:msgstr] <找不到方法 '%s', 或不可調用> -> <找不到方法 '%s', 或不可呼叫>
[43115:msgstr] <應用操作腳本> -> <應用作業手跡>
[43119:msgstr] <Python 封裝嚮導代碼異常> -> <Python 封裝精靈代碼異常>
[43164:msgstr] <現存線路> -> <現存列>
[43219:msgstr] <無法從一個文本項目開始佈線。> -> <無法從一個正文項目開始佈線。>
[43255:msgstr] <選擇層並添加貫孔...> -> <選擇層聯合添加貫孔...>
[43265:msgstr] <選擇層並放置盲/埋孔...> -> <選擇層聯合放置盲/埋孔...>
[43275:msgstr] <選擇層並放置微通孔...> -> <選擇層聯合放置微通孔...>
[43288:msgstr] <顯示修改走線寬度和貫孔尺寸對話框。> -> <顯示修改走線寬度和貫孔尺寸DIALOG集（合）統、對話、交談框。>
[43292:msgstr] <切換走線模式> -> <切換走線簡圖>
[43296:msgstr] <切換當前交互式佈線的模式。> -> <切換當前交互式佈線的簡圖。>
[43300:msgstr] <走線轉角模式> -> <走線轉角簡圖>
[43342:msgstr] <線路 %s> -> <列 %s>
[43472:msgstr] <角的樣式> -> <角的式樣>
[43541:msgstr] <不支持的貫孔樣式: %s> -> <不支持的貫孔式樣: %s>
[43704:msgstr] <一些覆銅優先級不匹配, 沒有合併。> -> <一些覆銅優先不匹配, 沒有合併。>
[43737:msgstr] <報告不完整: 無法編譯自定義設計規則。> -> <報表不完整: 無法編譯自定義設計規則。>
[43756:msgstr] <文本高度解析:> -> <正文高度解析:>
[43766:msgstr] <文本線寬解析:> -> <正文線寬解析:>
[43929:msgstr] <為間距解析報告選擇兩個對象。> -> <為間距解析報表選擇兩個對象。>
[43934:msgstr] <無法為空的組合生成間距報告。> -> <無法為空的組合生成間距報表。>
[43938:msgstr] <無法為沒有焊盤的封裝生成間隙報告。> -> <無法為沒有焊盤的封裝生成間隙報表。>
[43944:msgstr] <無法為多焊盤的封裝生成間隙報告。請選擇單個焊盤。> -> <無法為多焊盤的封裝生成間隙報表。請選擇單個焊盤。>
[44050:msgstr] <為約束解析報告選一個對象。> -> <為約束解析報表選一個對象。>
[44097:msgstr] <報告可能不完整: 某些封裝的外框不正確。> -> <報表可能不完整: 某些封裝的外框不正確。>
[44114:msgstr] <選擇一個封裝並與其對應的庫封裝進行比較。> -> <選擇一個封裝聯合與其對應的庫封裝進行比較。>
[44118:msgstr] <選擇一個封裝, 生成封裝關聯報告。。> -> <選擇一個封裝, 生成封裝關聯報表。。>
[44131:msgstr] <複製第一個對象的行寬> -> <複製第一個對象的行寬度>
[44191:msgstr] <介質> -> <媒體>
[44252:msgstr] <繪製線> -> <轉列線>
[44256:msgstr] <繪製文本框> -> <轉列正文框>
[44260:msgstr] <繪製矩形> -> <轉列矩形>
[44264:msgstr] <繪製圓形> -> <轉列圓形>
[44268:msgstr] <繪製弧線> -> <轉列弧線>
[44276:msgstr] <放置文本> -> <放置正文>
[44280:msgstr] <繪製測量標註> -> <轉列測量標註>
[44304:msgstr] <請先將原理圖批註完整, 然後才能檢查一致性。> -> <請先將原理圖批註完整, 然後才能檢查一致。>
[44384:msgstr] <必須選擇至少兩條才能擴展。> -> <必須選擇至少兩條才能延伸。>
[44414:msgstr] <為副本選擇參考點...> -> <為複製選擇參考點...>
[44426:msgstr] <打包封裝> -> <打包跡裝>
[44596:msgstr] <焊盤編輯模式。再次按 %s 退出。> -> <焊盤編輯簡圖。再次按 %s 退出。>
[44601:msgstr] <焊盤編輯模式。按 %s 退出。> -> <焊盤編輯簡圖。按 %s 退出。>
[44645:msgstr] <從所選內容創建線路> -> <從所選內容創建列>
[44653:msgstr] <繪製線> -> <轉列線>
[44657:msgstr] <繪製多邊形> -> <轉列多邊形>
[44661:msgstr] <繪製多邊形> -> <轉列多邊形>
[44665:msgstr] <繪製矩形> -> <轉列矩形>
[44669:msgstr] <繪製圓形> -> <轉列圓形>
[44673:msgstr] <繪製弧線> -> <轉列弧線>
[44699:msgstr] <添加用作參考的位圖圖像 (圖像不會包含在任何輸出中)> -> <添加用作參考的位元映射影像 (影像不會包含在任何輸出中)>
[44703:msgstr] <添加使用線條包圍的文本項目> -> <添加使用線條包圍的正文項目>
[44739:msgstr] <添加對齊測量標註> -> <添加調正測量標註>
[44743:msgstr] <添加對齊的線性測量標註> -> <添加調正的線性測量標註>
[44839:msgstr] <切換弧線模式> -> <切換弧線簡圖>
[44843:msgstr] <切換弧線模式> -> <切換弧線簡圖>
[44867:msgstr] <切換捕獲模式(對所有可見層進行捕獲/僅對活動層進行捕獲)> -> <切換捕獲簡圖(對所有可見層進行捕獲/僅對活動層進行捕獲)>
[44871:msgstr] <顯示設計規則檢查器窗口> -> <顯示設計規則檢查器視窗>
[44885:msgstr] <按位號選擇封裝, 並將其放置在光標下以進行移動> -> <按位號選擇封裝, 聯合將其放置在游標下以進行移動>
[44909:msgstr] <將選定項目及指定的起始點複製到剪貼板> -> <將選定項目及指定的起始點複製到剪輯板>
[44913:msgstr] <創建副本並自增編號> -> <創建複製聯合自增編號>
[44917:msgstr] <創建選擇項目的副本, 並自增焊盤編號> -> <創建選擇項目的複製, 聯合自增焊盤編號>
[44965:msgstr] <打包並移動封裝> -> <打包聯合移動封裝>
[45008:msgstr] <連接圖形, 可能會擴展或切割圖形, 或添加額外的幾何圖形> -> <連接圖形, 可能會延伸或切割圖形, 或添加額外的幾何圖形>
[45068:msgstr] <使用封裝嚮導創建一個新的封裝> -> <使用封裝精靈創建一個新的封裝>
[45076:msgstr] <在編輯器畫布上顯示選定的輪廓線> -> <在編輯器畫布上顯示選定的設定檔線>
[45080:msgstr] <創建副本> -> <創建複製>
[45084:msgstr] <創建所選封裝的副本> -> <創建所選封裝的複製>
[45132:msgstr] <顯示封裝檢查器窗口> -> <顯示封裝檢查器視窗>
[45177:msgstr] <將走線或其它繪製對象從一層移到另一層> -> <將走線或其它轉列對象從一層移到另一層>
[45189:msgstr] <全局編輯文本和圖形屬性> -> <全局編輯正文和圖形屬性>
[45277:msgstr] <用之前複製的屬性替換當前焊盤的屬性> -> <用之前複製的屬性更換當前焊盤的屬性>
[45329:msgstr] <在\"訪達\"中顯示插件資料夾> -> <在\"訪達\"中顯示插入資料夾>
[45333:msgstr] <在\"訪達\"窗口中顯示插件資料夾> -> <在\"訪達\"視窗中顯示插入資料夾>
[45349:msgstr] <讀取網表並更新電路板連接> -> <讀取網表聯合更新電路板連接>
[45393:msgstr] <封裝報告 (.rpt)...> -> <封裝報表 (.rpt)...>
[45397:msgstr] <創建當前電路板所有封裝報告> -> <創建當前電路板所有封裝報表>
[45469:msgstr] <將區域輪廓複製到另一個不同的層上> -> <將區域設定檔複製到另一個不同的層上>
[45502:msgstr] <將操作限制為從起點開始的水平方向, 垂直方向或斜 45 度方向> -> <將作業限制為從起點開始的水平方向, 垂直方向或斜 45 度方向>
[45550:msgstr] <打開另一塊板並將其內容附加到這塊板上> -> <打開另一塊板聯合將其內容附加到這塊板上>
[45619:msgstr] <顯示 規則域管理器 窗口> -> <顯示 規則域管理器 視窗>
[45643:msgstr] <飛線模式 (三態)> -> <飛線簡圖 (三態)>
[45648:msgstr] <在顯示所有層的飛線、僅顯示可見層的飛線和不顯示層飛線三種狀態之間循環> -> <在顯示所有層的飛線、僅顯示可見層的飛線和不顯示層飛線三種狀態之間迴路>
[45652:msgstr] <網路顏色視圖模式 (三種狀態)> -> <網路顏色視野簡圖 (三種狀態)>
[45666:msgstr] <在輪廓模式下顯示走線> -> <在設定檔簡圖下顯示走線>
[45674:msgstr] <在輪廓模式下顯示焊盤> -> <在設定檔簡圖下顯示焊盤>
[45682:msgstr] <在輪廓模式下顯示貫孔> -> <在設定檔簡圖下顯示貫孔>
[45690:msgstr] <在輪廓模式下顯示圖形項目> -> <在設定檔簡圖下顯示圖形項目>
[45694:msgstr] <草圖文本項目> -> <草圖正文項目>
[45698:msgstr] <在直線模式下顯示封裝文本> -> <在直線簡圖下顯示封裝正文>
[45706:msgstr] <繪製覆銅填充> -> <轉列覆銅填充>
[45714:msgstr] <繪製覆銅輪廓> -> <轉列覆銅設定檔>
[45722:msgstr] <繪製覆銅填充裂縫邊界> -> <轉列覆銅填充裂縫邊界>
[45726:msgstr] <繪製覆銅填充三角剖分> -> <轉列覆銅填充三角剖分>
[45734:msgstr] <循環顯示覆銅填充和及它們的輪廓> -> <迴路顯示覆銅填充和及它們的設定檔>
[45931:msgstr] <顯示封裝庫和原理圖符號分配> -> <顯示封裝庫和原理圖示號分配>
[45947:msgstr] <運行各種診斷程序並嘗試修復電路板> -> <運行各種偵錯程式聯合嘗試修復電路板>
[45955:msgstr] <運行各種診斷程序並嘗試修復封裝> -> <運行各種偵錯程式聯合嘗試修復封裝>
[45959:msgstr] <頂端對齊> -> <頂端調正>
[45963:msgstr] <將所選項目與光標下項目的頂邊緣對齊> -> <將所選項目與游標下項目的頂邊緣調正>
[45967:msgstr] <底端對齊> -> <底端調正>
[45971:msgstr] <將所選項目與光標下項目的底邊緣對齊> -> <將所選項目與游標下項目的底邊緣調正>
[45975:msgstr] <左對齊> -> <左調正>
[45979:msgstr] <將所選項目與光標下項目的左邊緣對齊> -> <將所選項目與游標下項目的左邊緣調正>
[45983:msgstr] <右對齊> -> <右調正>
[45987:msgstr] <將所選項目與光標下項目的右邊緣對齊> -> <將所選項目與游標下項目的右邊緣調正>
[45996:msgstr] <將所選項目與光標下項目垂直居中對齊> -> <將所選項目與游標下項目垂直居中調正>
[46005:msgstr] <將所選項目與光標下項目水平居中對齊> -> <將所選項目與游標下項目水平居中調正>
[46039:msgstr] <切換弧線編輯模式到保持中心、調整半徑和端點> -> <切換弧線編輯簡圖到保持中心、調整半徑和端點>
[46049:msgstr] <切換弧線編輯模式為保持端點, 或保持另一點的方向> -> <切換弧線編輯簡圖為保持端點, 或保持另一點的方向>
[46061:msgstr] <選擇/擴展連接> -> <選擇/延伸連接>
[46067:msgstr] <選擇連接或將現有選擇擴展到結點、焊盤或整個連接> -> <選擇連接或將現有選擇延伸到結點、焊盤或整個連接>
[46109:msgstr] <選擇並開始移動每個所選網路上距離最近的未連接封裝。> -> <選擇聯合開始移動每個所選網路上距離最近的未連接封裝。>
[46224:msgstr] <佈線高亮碰撞模式> -> <佈線高亮碰撞簡圖>
[46228:msgstr] <將佈線切換到高亮碰撞模式> -> <將佈線切換到高亮碰撞簡圖>
[46232:msgstr] <佈線推擠模式> -> <佈線推擠簡圖>
[46236:msgstr] <將佈線切換到推擠模式> -> <將佈線切換到推擠簡圖>
[46240:msgstr] <佈線繞走模式> -> <佈線繞走簡圖>
[46244:msgstr] <將佈線切換到繞走模式> -> <將佈線切換到繞走簡圖>
[46248:msgstr] <在佈線器模式間循環> -> <在佈線器簡圖間迴路>
[46252:msgstr] <將佈線器循環到下一個模式> -> <將佈線器迴路到下一個簡圖>
[46280:msgstr] <調整差分對走線偏移> -> <調整差分對走線偏差>
[46284:msgstr] <調整差分對走線偏移> -> <調整差分對走線偏差>
[46297:msgstr] <完成當前段, 並從最近的飛線端開始下一段。> -> <完成當前段, 聯合從最近的飛線端開始下一段。>
[46334:msgstr] <將走線在光標位置分割為兩個連接的線段。> -> <將走線在游標位置分割為兩個連接的線段。>
[46338:msgstr] <拖動 (45 度模式)> -> <拖動 (45 度簡圖)>
[46363:msgstr] <重建所有生成器> -> <重建所有產生器>
[46371:msgstr] <重建選中生成器> -> <重建選中產生器>
[46379:msgstr] <生成器管理> -> <產生器管理>
[46383:msgstr] <顯示管理生成器對象的對話框> -> <顯示管理產生器對象的DIALOG集（合）統、對話、交談框>
[46392:msgstr] <顯示項目屬性對話框> -> <顯示項目屬性DIALOG集（合）統、對話、交談框>
[46434:msgstr] <無效的剪貼板內容> -> <無效的剪輯板內容>
[46497:msgstr] <重新調整單元格> -> <重新調整單位格>
[46533:msgstr] <選擇/擴展連接...> -> <選擇/延伸連接...>
[46537:msgstr] <對齊/分佈> -> <調正/分佈>
[46541:msgstr] <居中對齊> -> <居中調正>
[46545:msgstr] <居中對齊> -> <居中調正>
[46666:msgstr] <不完整的撤消/重做操作: 找不到某些項目> -> <不完整的撤消/重做作業: 找不到某些項目>
[46714:msgstr] <隱藏文本> -> <隱藏正文>
[46718:msgstr] <顯示隱藏的封裝文本標記> -> <顯示隱藏的封裝正文標記>
[46750:msgstr] <在封裝和文字中央顯示一個小十字> -> <在封裝和文字組中央顯示一個小十字組>
[46770:msgstr] <顯示圖紙邊框和工程明細表> -> <顯示圖紙邊界和工程明細表>
[46790:msgstr] <頂層裝配視圖> -> <頂層裝配視野>
[46798:msgstr] <底層裝配視圖> -> <底層裝配視野>
[46873:msgstr] <翻轉電路板視圖> -> <翻轉電路板視野>
[46993:msgstr] <雙擊或中鍵更改顏色, 右鍵單擊查看更多操作> -> <雙擊或中鍵更改顏色, 右鍵單擊查看更多作業>
[47055:msgstr] <定義電路板的邊框輪廓> -> <定義電路板的邊界設定檔>
[47224:msgstr] <不要在路徑名稱前添加封裝 UUID。> -> <不要在路徑名稱稱前添加封裝 UUID。>
[47337:msgstr] <保持網路檢查器報告> -> <保持網路檢查器報表>
[47345:msgstr] <保存網路檢查器報告檔案> -> <保存網路檢查器報表檔案>
[47349:msgstr] <報告檔案> -> <報表檔案>
[47372:msgstr] <網路名稱變量名不能為空。> -> <網路名稱變數名不能為空。>
[47391:msgstr] <文本框> -> <正文框>
[47448:msgstr] <填充模式> -> <填充簡圖>
[47585:msgstr] <報告> -> <報表>
[47614:msgstr] <將位圖轉換成元件> -> <將位元映射轉換成元件>
[47618:msgstr] <從位圖創建用於 KiCad 的元件> -> <從位元映射創建用於 KiCad 的元件>
[47658:msgstr] <用於原理圖設計和電路板佈局的工具套件> -> <用於原理圖設計和電路板布局的工具套件>
[47686:msgstr] <PCB 佈局編輯器> -> <PCB 布局編輯器>
[47720:msgstr] <KiCad PCB 佈局編輯器> -> <KiCad PCB 布局編輯器>
[47724:msgstr] <KiCad 的開發者們> -> <KiCad 的顯影器們>
[47752:msgstr] <KiCad 原理圖符號> -> <KiCad 原理圖示號>
